{"/home/travis/build/npmtest/node-npmtest-time/test.js":{"path":"/home/travis/build/npmtest/node-npmtest-time/test.js","s":{"1":2,"2":2,"3":2,"4":2,"5":2,"6":2,"7":2,"8":1,"9":2,"10":2,"11":1,"12":1,"13":1,"14":1,"15":2,"16":2,"17":2,"18":2,"19":1,"20":1,"21":2,"22":2,"23":2,"24":1,"25":1,"26":1,"27":1,"28":1,"29":1,"30":1,"31":1,"32":1,"33":1,"34":1,"35":1,"36":1,"37":1,"38":1,"39":2,"40":2,"41":1,"42":2,"43":2,"44":1,"45":2,"46":2,"47":1,"48":2,"49":2,"50":1,"51":1,"52":1,"53":1,"54":1},"b":{"1":[2,1,1,1],"2":[1,1,1,1],"3":[1,1],"4":[1,1],"5":[1,1],"6":[1,1],"7":[1,1],"8":[1,1],"9":[1,1],"10":[1,1,1],"11":[1,1],"12":[1,1],"13":[1,1],"14":[1,1],"15":[1,1],"16":[1,1],"17":[1,1]},"f":{"1":2,"2":2,"3":2,"4":2,"5":2,"6":1,"7":1,"8":1,"9":2,"10":2,"11":2,"12":2,"13":1},"fnMap":{"1":{"name":"(anonymous_1)","line":12,"loc":{"start":{"line":12,"column":1},"end":{"line":12,"column":13}}},"2":{"name":"(anonymous_2)","line":19,"loc":{"start":{"line":19,"column":5},"end":{"line":19,"column":17}}},"3":{"name":"(anonymous_3)","line":23,"loc":{"start":{"line":23,"column":24},"end":{"line":23,"column":36}}},"4":{"name":"(anonymous_4)","line":61,"loc":{"start":{"line":61,"column":5},"end":{"line":61,"column":17}}},"5":{"name":"(anonymous_5)","line":82,"loc":{"start":{"line":82,"column":5},"end":{"line":82,"column":17}}},"6":{"name":"(anonymous_6)","line":91,"loc":{"start":{"line":91,"column":77},"end":{"line":94,"column":10}}},"7":{"name":"(anonymous_7)","line":112,"loc":{"start":{"line":112,"column":83},"end":{"line":115,"column":10}},"skip":true},"8":{"name":"(anonymous_8)","line":123,"loc":{"start":{"line":123,"column":77},"end":{"line":126,"column":10}},"skip":true},"9":{"name":"(anonymous_9)","line":139,"loc":{"start":{"line":139,"column":12},"end":{"line":139,"column":40}},"skip":true},"10":{"name":"(anonymous_10)","line":147,"loc":{"start":{"line":147,"column":77},"end":{"line":150,"column":10}},"skip":true},"11":{"name":"(anonymous_11)","line":158,"loc":{"start":{"line":158,"column":83},"end":{"line":161,"column":10}},"skip":true},"12":{"name":"(anonymous_12)","line":169,"loc":{"start":{"line":169,"column":79},"end":{"line":172,"column":10}},"skip":true},"13":{"name":"(anonymous_13)","line":180,"loc":{"start":{"line":180,"column":75},"end":{"line":183,"column":10}},"skip":true}},"statementMap":{"1":{"start":{"line":12,"column":0},"end":{"line":195,"column":5}},"2":{"start":{"line":14,"column":4},"end":{"line":14,"column":14}},"3":{"start":{"line":19,"column":4},"end":{"line":56,"column":9}},"4":{"start":{"line":21,"column":8},"end":{"line":21,"column":19}},"5":{"start":{"line":23,"column":8},"end":{"line":35,"column":13}},"6":{"start":{"line":24,"column":12},"end":{"line":34,"column":13}},"7":{"start":{"line":25,"column":16},"end":{"line":28,"column":30}},"8":{"start":{"line":30,"column":16},"end":{"line":33,"column":27}},"9":{"start":{"line":37,"column":8},"end":{"line":39,"column":21}},"10":{"start":{"line":40,"column":8},"end":{"line":53,"column":9}},"11":{"start":{"line":43,"column":12},"end":{"line":46,"column":14}},"12":{"start":{"line":47,"column":12},"end":{"line":47,"column":18}},"13":{"start":{"line":50,"column":12},"end":{"line":51,"column":33}},"14":{"start":{"line":52,"column":12},"end":{"line":52,"column":18}},"15":{"start":{"line":55,"column":8},"end":{"line":55,"column":35}},"16":{"start":{"line":61,"column":4},"end":{"line":63,"column":9}},"17":{"start":{"line":62,"column":8},"end":{"line":62,"column":15}},"18":{"start":{"line":64,"column":4},"end":{"line":77,"column":5}},"19":{"start":{"line":70,"column":8},"end":{"line":70,"column":14}},"20":{"start":{"line":76,"column":8},"end":{"line":76,"column":14}},"21":{"start":{"line":82,"column":4},"end":{"line":84,"column":9}},"22":{"start":{"line":83,"column":8},"end":{"line":83,"column":15}},"23":{"start":{"line":85,"column":4},"end":{"line":194,"column":5}},"24":{"start":{"line":91,"column":8},"end":{"line":99,"column":10}},"25":{"start":{"line":98,"column":12},"end":{"line":98,"column":35}},"26":{"start":{"line":102,"column":8},"end":{"line":104,"column":63}},"27":{"start":{"line":105,"column":8},"end":{"line":105,"column":14}},"28":{"start":{"line":112,"column":8},"end":{"line":121,"column":10},"skip":true},"29":{"start":{"line":119,"column":12},"end":{"line":119,"column":55},"skip":true},"30":{"start":{"line":120,"column":12},"end":{"line":120,"column":48},"skip":true},"31":{"start":{"line":123,"column":8},"end":{"line":136,"column":10},"skip":true},"32":{"start":{"line":130,"column":12},"end":{"line":130,"column":76},"skip":true},"33":{"start":{"line":131,"column":12},"end":{"line":131,"column":73},"skip":true},"34":{"start":{"line":132,"column":12},"end":{"line":132,"column":74},"skip":true},"35":{"start":{"line":133,"column":12},"end":{"line":133,"column":79},"skip":true},"36":{"start":{"line":134,"column":12},"end":{"line":134,"column":25},"skip":true},"37":{"start":{"line":135,"column":12},"end":{"line":135,"column":45},"skip":true},"38":{"start":{"line":138,"column":8},"end":{"line":145,"column":14},"skip":true},"39":{"start":{"line":143,"column":16},"end":{"line":143,"column":29},"skip":true},"40":{"start":{"line":144,"column":16},"end":{"line":144,"column":55},"skip":true},"41":{"start":{"line":147,"column":8},"end":{"line":156,"column":10},"skip":true},"42":{"start":{"line":154,"column":12},"end":{"line":154,"column":25},"skip":true},"43":{"start":{"line":155,"column":12},"end":{"line":155,"column":45},"skip":true},"44":{"start":{"line":158,"column":8},"end":{"line":167,"column":10},"skip":true},"45":{"start":{"line":165,"column":12},"end":{"line":165,"column":25},"skip":true},"46":{"start":{"line":166,"column":12},"end":{"line":166,"column":48},"skip":true},"47":{"start":{"line":169,"column":8},"end":{"line":178,"column":10},"skip":true},"48":{"start":{"line":176,"column":12},"end":{"line":176,"column":25},"skip":true},"49":{"start":{"line":177,"column":12},"end":{"line":177,"column":46},"skip":true},"50":{"start":{"line":180,"column":8},"end":{"line":189,"column":10},"skip":true},"51":{"start":{"line":187,"column":12},"end":{"line":187,"column":94},"skip":true},"52":{"start":{"line":188,"column":12},"end":{"line":188,"column":48},"skip":true},"53":{"start":{"line":192,"column":8},"end":{"line":192,"column":35},"skip":true},"54":{"start":{"line":193,"column":8},"end":{"line":193,"column":14},"skip":true}},"branchMap":{"1":{"line":25,"type":"binary-expr","locations":[{"start":{"line":25,"column":23},"end":{"line":25,"column":62}},{"start":{"line":26,"column":20},"end":{"line":26,"column":70}},{"start":{"line":27,"column":20},"end":{"line":27,"column":71}},{"start":{"line":28,"column":20},"end":{"line":28,"column":29}}]},"2":{"line":30,"type":"binary-expr","locations":[{"start":{"line":30,"column":23},"end":{"line":30,"column":37}},{"start":{"line":31,"column":20},"end":{"line":31,"column":61}},{"start":{"line":32,"column":20},"end":{"line":32,"column":70}},{"start":{"line":33,"column":20},"end":{"line":33,"column":26}}]},"3":{"line":37,"type":"cond-expr","locations":[{"start":{"line":38,"column":14},"end":{"line":38,"column":20}},{"start":{"line":39,"column":14},"end":{"line":39,"column":20}}]},"4":{"line":40,"type":"switch","locations":[{"start":{"line":42,"column":8},"end":{"line":47,"column":18}},{"start":{"line":49,"column":8},"end":{"line":52,"column":18}}]},"5":{"line":44,"type":"binary-expr","locations":[{"start":{"line":44,"column":16},"end":{"line":44,"column":44}},{"start":{"line":44,"column":48},"end":{"line":44,"column":66}}]},"6":{"line":50,"type":"binary-expr","locations":[{"start":{"line":50,"column":21},"end":{"line":50,"column":49}},{"start":{"line":50,"column":53},"end":{"line":50,"column":72}}]},"7":{"line":64,"type":"switch","locations":[{"start":{"line":69,"column":4},"end":{"line":70,"column":14}},{"start":{"line":75,"column":4},"end":{"line":76,"column":14}}]},"8":{"line":85,"type":"switch","locations":[{"start":{"line":90,"column":4},"end":{"line":105,"column":14}},{"start":{"line":111,"column":4},"end":{"line":193,"column":14},"skip":true}]},"9":{"line":91,"type":"binary-expr","locations":[{"start":{"line":91,"column":42},"end":{"line":91,"column":73}},{"start":{"line":91,"column":77},"end":{"line":99,"column":9}}]},"10":{"line":102,"type":"binary-expr","locations":[{"start":{"line":102,"column":18},"end":{"line":102,"column":32}},{"start":{"line":103,"column":12},"end":{"line":103,"column":53}},{"start":{"line":104,"column":12},"end":{"line":104,"column":61}}]},"11":{"line":112,"type":"binary-expr","locations":[{"start":{"line":112,"column":45},"end":{"line":112,"column":79},"skip":true},{"start":{"line":112,"column":83},"end":{"line":121,"column":9},"skip":true}]},"12":{"line":123,"type":"binary-expr","locations":[{"start":{"line":123,"column":42},"end":{"line":123,"column":73},"skip":true},{"start":{"line":123,"column":77},"end":{"line":136,"column":9},"skip":true}]},"13":{"line":138,"type":"binary-expr","locations":[{"start":{"line":138,"column":48},"end":{"line":138,"column":85},"skip":true},{"start":{"line":139,"column":12},"end":{"line":145,"column":13},"skip":true}]},"14":{"line":147,"type":"binary-expr","locations":[{"start":{"line":147,"column":42},"end":{"line":147,"column":73},"skip":true},{"start":{"line":147,"column":77},"end":{"line":156,"column":9},"skip":true}]},"15":{"line":158,"type":"binary-expr","locations":[{"start":{"line":158,"column":45},"end":{"line":158,"column":79},"skip":true},{"start":{"line":158,"column":83},"end":{"line":167,"column":9},"skip":true}]},"16":{"line":169,"type":"binary-expr","locations":[{"start":{"line":169,"column":43},"end":{"line":169,"column":75},"skip":true},{"start":{"line":169,"column":79},"end":{"line":178,"column":9},"skip":true}]},"17":{"line":180,"type":"binary-expr","locations":[{"start":{"line":180,"column":41},"end":{"line":180,"column":71},"skip":true},{"start":{"line":180,"column":75},"end":{"line":189,"column":9},"skip":true}]}},"code":["/* istanbul instrument in package npmtest_time */","/*jslint","    bitwise: true,","    browser: true,","    maxerr: 8,","    maxlen: 96,","    node: true,","    nomen: true,","    regexp: true,","    stupid: true","*/","(function () {","    'use strict';","    var local;","","","","    // run shared js-env code - pre-init","    (function () {","        // init local","        local = {};","        // init modeJs","        local.modeJs = (function () {","            try {","                return typeof navigator.userAgent === 'string' &&","                    typeof document.querySelector('body') === 'object' &&","                    typeof XMLHttpRequest.prototype.open === 'function' &&","                    'browser';","            } catch (errorCaughtBrowser) {","                return module.exports &&","                    typeof process.versions.node === 'string' &&","                    typeof require('http').createServer === 'function' &&","                    'node';","            }","        }());","        // init global","        local.global = local.modeJs === 'browser'","            ? window","            : global;","        switch (local.modeJs) {","        // re-init local from window.local","        case 'browser':","            local = local.global.utility2.objectSetDefault(","                local.global.utility2_rollup || local.global.local,","                local.global.utility2","            );","            break;","        // re-init local from example.js","        case 'node':","            local = (local.global.utility2_rollup || require('utility2'))","                .requireReadme();","            break;","        }","        // export local","        local.global.local = local;","    }());","","","","    // run shared js-env code - function","    (function () {","        return;","    }());","    switch (local.modeJs) {","","","","    // run browser js-env code - function","    case 'browser':","        break;","","","","    // run node js-env code - function","    case 'node':","        break;","    }","","","","    // run shared js-env code - post-init","    (function () {","        return;","    }());","    switch (local.modeJs) {","","","","    // run browser js-env code - post-init","    case 'browser':","        local.testCase_browser_nullCase = local.testCase_browser_nullCase || function (","            options,","            onError","        ) {","        /*","         * this function will test browsers's null-case handling-behavior-behavior","         */","            onError(null, options);","        };","","        // run tests","        local.nop(local.modeTest &&","            document.querySelector('#testRunButton1') &&","            document.querySelector('#testRunButton1').click());","        break;","","","","    // run node js-env code - post-init","    /* istanbul ignore next */","    case 'node':","        local.testCase_buildApidoc_default = local.testCase_buildApidoc_default || function (","            options,","            onError","        ) {","        /*","         * this function will test buildApidoc's default handling-behavior-behavior","         */","            options = { modulePathList: module.paths };","            local.buildApidoc(options, onError);","        };","","        local.testCase_buildApp_default = local.testCase_buildApp_default || function (","            options,","            onError","        ) {","        /*","         * this function will test buildApp's default handling-behavior-behavior","         */","            local.testCase_buildReadme_default(options, local.onErrorThrow);","            local.testCase_buildLib_default(options, local.onErrorThrow);","            local.testCase_buildTest_default(options, local.onErrorThrow);","            local.testCase_buildCustomOrg_default(options, local.onErrorThrow);","            options = [];","            local.buildApp(options, onError);","        };","","        local.testCase_buildCustomOrg_default = local.testCase_buildCustomOrg_default ||","            function (options, onError) {","            /*","             * this function will test buildCustomOrg's default handling-behavior","             */","                options = {};","                local.buildCustomOrg(options, onError);","            };","","        local.testCase_buildLib_default = local.testCase_buildLib_default || function (","            options,","            onError","        ) {","        /*","         * this function will test buildLib's default handling-behavior","         */","            options = {};","            local.buildLib(options, onError);","        };","","        local.testCase_buildReadme_default = local.testCase_buildReadme_default || function (","            options,","            onError","        ) {","        /*","         * this function will test buildReadme's default handling-behavior-behavior","         */","            options = {};","            local.buildReadme(options, onError);","        };","","        local.testCase_buildTest_default = local.testCase_buildTest_default || function (","            options,","            onError","        ) {","        /*","         * this function will test buildTest's default handling-behavior","         */","            options = {};","            local.buildTest(options, onError);","        };","","        local.testCase_webpage_default = local.testCase_webpage_default || function (","            options,","            onError","        ) {","        /*","         * this function will test webpage's default handling-behavior","         */","            options = { modeCoverageMerge: true, url: local.serverLocalHost + '?modeTest=1' };","            local.browserTest(options, onError);","        };","","        // run test-server","        local.testRunServer(local);","        break;","    }","}());",""],"l":{"12":2,"14":2,"19":2,"21":2,"23":2,"24":2,"25":2,"30":1,"37":2,"40":2,"43":1,"47":1,"50":1,"52":1,"55":2,"61":2,"62":2,"64":2,"70":1,"76":1,"82":2,"83":2,"85":2,"91":1,"98":1,"102":1,"105":1,"112":1,"119":1,"120":1,"123":1,"130":1,"131":1,"132":1,"133":1,"134":1,"135":1,"138":1,"143":2,"144":2,"147":1,"154":2,"155":2,"158":1,"165":2,"166":2,"169":1,"176":2,"177":2,"180":1,"187":1,"188":1,"192":1,"193":1}},"/home/travis/build/npmtest/node-npmtest-time/lib.npmtest_time.js":{"path":"/home/travis/build/npmtest/node-npmtest-time/lib.npmtest_time.js","s":{"1":2,"2":2,"3":2,"4":2,"5":2,"6":2,"7":2,"8":1,"9":2,"10":2,"11":2,"12":2,"13":1,"14":1,"15":1,"16":1},"b":{"1":[2,1,1,1],"2":[1,1,1,1],"3":[1,1],"4":[2,2],"5":[1,1]},"f":{"1":2,"2":2,"3":2},"fnMap":{"1":{"name":"(anonymous_1)","line":12,"loc":{"start":{"line":12,"column":1},"end":{"line":12,"column":13}}},"2":{"name":"(anonymous_2)","line":19,"loc":{"start":{"line":19,"column":5},"end":{"line":19,"column":17}}},"3":{"name":"(anonymous_3)","line":23,"loc":{"start":{"line":23,"column":24},"end":{"line":23,"column":36}}}},"statementMap":{"1":{"start":{"line":12,"column":0},"end":{"line":53,"column":5}},"2":{"start":{"line":14,"column":4},"end":{"line":14,"column":14}},"3":{"start":{"line":19,"column":4},"end":{"line":52,"column":9}},"4":{"start":{"line":21,"column":8},"end":{"line":21,"column":19}},"5":{"start":{"line":23,"column":8},"end":{"line":35,"column":13}},"6":{"start":{"line":24,"column":12},"end":{"line":34,"column":13}},"7":{"start":{"line":25,"column":16},"end":{"line":28,"column":30}},"8":{"start":{"line":30,"column":16},"end":{"line":33,"column":27}},"9":{"start":{"line":37,"column":8},"end":{"line":39,"column":21}},"10":{"start":{"line":41,"column":8},"end":{"line":41,"column":54}},"11":{"start":{"line":43,"column":8},"end":{"line":43,"column":49}},"12":{"start":{"line":45,"column":8},"end":{"line":51,"column":9}},"13":{"start":{"line":46,"column":12},"end":{"line":46,"column":55}},"14":{"start":{"line":48,"column":12},"end":{"line":48,"column":35}},"15":{"start":{"line":49,"column":12},"end":{"line":49,"column":49}},"16":{"start":{"line":50,"column":12},"end":{"line":50,"column":43}}},"branchMap":{"1":{"line":25,"type":"binary-expr","locations":[{"start":{"line":25,"column":23},"end":{"line":25,"column":62}},{"start":{"line":26,"column":20},"end":{"line":26,"column":70}},{"start":{"line":27,"column":20},"end":{"line":27,"column":71}},{"start":{"line":28,"column":20},"end":{"line":28,"column":29}}]},"2":{"line":30,"type":"binary-expr","locations":[{"start":{"line":30,"column":23},"end":{"line":30,"column":37}},{"start":{"line":31,"column":20},"end":{"line":31,"column":61}},{"start":{"line":32,"column":20},"end":{"line":32,"column":70}},{"start":{"line":33,"column":20},"end":{"line":33,"column":26}}]},"3":{"line":37,"type":"cond-expr","locations":[{"start":{"line":38,"column":14},"end":{"line":38,"column":20}},{"start":{"line":39,"column":14},"end":{"line":39,"column":20}}]},"4":{"line":41,"type":"binary-expr","locations":[{"start":{"line":41,"column":16},"end":{"line":41,"column":44}},{"start":{"line":41,"column":48},"end":{"line":41,"column":53}}]},"5":{"line":45,"type":"if","locations":[{"start":{"line":45,"column":8},"end":{"line":45,"column":8}},{"start":{"line":45,"column":8},"end":{"line":45,"column":8}}]}},"code":["/* istanbul instrument in package npmtest_time */","/*jslint","    bitwise: true,","    browser: true,","    maxerr: 8,","    maxlen: 96,","    node: true,","    nomen: true,","    regexp: true,","    stupid: true","*/","(function () {","    'use strict';","    var local;","","","","    // run shared js-env code - pre-init","    (function () {","        // init local","        local = {};","        // init modeJs","        local.modeJs = (function () {","            try {","                return typeof navigator.userAgent === 'string' &&","                    typeof document.querySelector('body') === 'object' &&","                    typeof XMLHttpRequest.prototype.open === 'function' &&","                    'browser';","            } catch (errorCaughtBrowser) {","                return module.exports &&","                    typeof process.versions.node === 'string' &&","                    typeof require('http').createServer === 'function' &&","                    'node';","            }","        }());","        // init global","        local.global = local.modeJs === 'browser'","            ? window","            : global;","        // init utility2_rollup","        local = local.global.utility2_rollup || local;","        // init lib","        local.local = local.npmtest_time = local;","        // init exports","        if (local.modeJs === 'browser') {","            local.global.utility2_npmtest_time = local;","        } else {","            module.exports = local;","            module.exports.__dirname = __dirname;","            module.exports.module = module;","        }","    }());","}());",""],"l":{"12":2,"14":2,"19":2,"21":2,"23":2,"24":2,"25":2,"30":1,"37":2,"41":2,"43":2,"45":2,"46":1,"48":1,"49":1,"50":1}},"/home/travis/build/npmtest/node-npmtest-time/example.js":{"path":"/home/travis/build/npmtest/node-npmtest-time/example.js","s":{"1":2,"2":2,"3":2,"4":2,"5":2,"6":2,"7":2,"8":1,"9":2,"10":2,"11":2,"12":2,"13":1,"14":2,"15":2,"16":2,"17":2,"18":2,"19":0,"20":2,"21":1,"22":1,"23":1,"24":1,"25":1,"26":0,"27":0,"28":1,"29":1,"30":2,"31":0,"32":0,"33":0,"34":1,"35":2,"36":2,"37":3,"38":3,"39":3,"40":3,"41":0,"42":3,"43":3,"44":3,"45":1,"46":3,"47":1,"48":1,"49":1,"50":1,"51":1,"52":1,"53":1,"54":1,"55":1,"56":1,"57":0,"58":1,"59":6,"60":6,"61":1,"62":2,"63":0,"64":2,"65":1,"66":1,"67":0,"68":0,"69":0,"70":0,"71":0,"72":0,"73":0,"74":0,"75":0,"76":0,"77":0,"78":0,"79":0,"80":0,"81":0,"82":0,"83":0},"b":{"1":[2,1,1,1],"2":[1,1,1,1],"3":[1,1],"4":[2,2],"5":[1,1],"6":[1,1],"7":[2,0],"8":[2,1,1,1,1,1],"9":[0,2,0],"10":[1,1],"11":[2,1,1],"12":[1,0],"13":[0,2],"14":[2,0,0,0,0,0,0],"15":[0,3],"16":[3,0],"17":[1,1],"18":[0,1],"19":[1,2,0,2],"20":[1,0],"21":[1,1],"22":[0,0],"23":[0,0],"24":[0,0],"25":[0,0],"26":[0,0],"27":[0,0],"28":[0,0]},"f":{"1":2,"2":2,"3":2,"4":2,"5":2,"6":2,"7":3,"8":3,"9":3,"10":1,"11":6,"12":0},"fnMap":{"1":{"name":"(anonymous_1)","line":26,"loc":{"start":{"line":26,"column":1},"end":{"line":26,"column":13}}},"2":{"name":"(anonymous_2)","line":33,"loc":{"start":{"line":33,"column":5},"end":{"line":33,"column":17}}},"3":{"name":"(anonymous_3)","line":37,"loc":{"start":{"line":37,"column":24},"end":{"line":37,"column":36}}},"4":{"name":"(anonymous_4)","line":69,"loc":{"start":{"line":69,"column":31},"end":{"line":69,"column":48}},"skip":true},"5":{"name":"(anonymous_5)","line":78,"loc":{"start":{"line":78,"column":26},"end":{"line":78,"column":45}},"skip":true},"6":{"name":"(anonymous_6)","line":123,"loc":{"start":{"line":123,"column":33},"end":{"line":123,"column":48}},"skip":true},"7":{"name":"(anonymous_7)","line":125,"loc":{"start":{"line":125,"column":27},"end":{"line":125,"column":39}},"skip":true},"8":{"name":"(anonymous_8)","line":133,"loc":{"start":{"line":133,"column":59},"end":{"line":133,"column":74}},"skip":true},"9":{"name":"(anonymous_9)","line":143,"loc":{"start":{"line":143,"column":45},"end":{"line":143,"column":62}},"skip":true},"10":{"name":"(anonymous_10)","line":144,"loc":{"start":{"line":144,"column":73},"end":{"line":144,"column":92}},"skip":true},"11":{"name":"(anonymous_11)","line":272,"loc":{"start":{"line":272,"column":51},"end":{"line":272,"column":77}},"skip":true},"12":{"name":"(anonymous_12)","line":315,"loc":{"start":{"line":315,"column":32},"end":{"line":315,"column":61}},"skip":true}},"statementMap":{"1":{"start":{"line":26,"column":0},"end":{"line":326,"column":5}},"2":{"start":{"line":28,"column":4},"end":{"line":28,"column":14}},"3":{"start":{"line":33,"column":4},"end":{"line":60,"column":9}},"4":{"start":{"line":35,"column":8},"end":{"line":35,"column":19}},"5":{"start":{"line":37,"column":8},"end":{"line":49,"column":13}},"6":{"start":{"line":38,"column":12},"end":{"line":48,"column":13}},"7":{"start":{"line":39,"column":16},"end":{"line":42,"column":30}},"8":{"start":{"line":44,"column":16},"end":{"line":47,"column":27}},"9":{"start":{"line":51,"column":8},"end":{"line":53,"column":21}},"10":{"start":{"line":55,"column":8},"end":{"line":57,"column":45}},"11":{"start":{"line":59,"column":8},"end":{"line":59,"column":35}},"12":{"start":{"line":61,"column":4},"end":{"line":325,"column":5}},"13":{"start":{"line":69,"column":8},"end":{"line":121,"column":10},"skip":true},"14":{"start":{"line":70,"column":12},"end":{"line":88,"column":13},"skip":true},"15":{"start":{"line":76,"column":16},"end":{"line":87,"column":19},"skip":true},"16":{"start":{"line":79,"column":20},"end":{"line":86,"column":21},"skip":true},"17":{"start":{"line":82,"column":24},"end":{"line":82,"column":43},"skip":true},"18":{"start":{"line":83,"column":24},"end":{"line":83,"column":30},"skip":true},"19":{"start":{"line":85,"column":24},"end":{"line":85,"column":49},"skip":true},"20":{"start":{"line":89,"column":12},"end":{"line":107,"column":13},"skip":true},"21":{"start":{"line":92,"column":16},"end":{"line":102,"column":17},"skip":true},"22":{"start":{"line":93,"column":20},"end":{"line":93,"column":86},"skip":true},"23":{"start":{"line":94,"column":20},"end":{"line":95,"column":45},"skip":true},"24":{"start":{"line":96,"column":20},"end":{"line":96,"column":42},"skip":true},"25":{"start":{"line":97,"column":20},"end":{"line":97,"column":48},"skip":true},"26":{"start":{"line":100,"column":20},"end":{"line":100,"column":85},"skip":true},"27":{"start":{"line":101,"column":20},"end":{"line":101,"column":96},"skip":true},"28":{"start":{"line":103,"column":16},"end":{"line":103,"column":22},"skip":true},"29":{"start":{"line":106,"column":16},"end":{"line":106,"column":22},"skip":true},"30":{"start":{"line":108,"column":12},"end":{"line":120,"column":13},"skip":true},"31":{"start":{"line":114,"column":16},"end":{"line":119,"column":17},"skip":true},"32":{"start":{"line":116,"column":20},"end":{"line":116,"column":78},"skip":true},"33":{"start":{"line":118,"column":20},"end":{"line":118,"column":47},"skip":true},"34":{"start":{"line":123,"column":8},"end":{"line":141,"column":11},"skip":true},"35":{"start":{"line":124,"column":12},"end":{"line":124,"column":54},"skip":true},"36":{"start":{"line":125,"column":12},"end":{"line":140,"column":14},"skip":true},"37":{"start":{"line":126,"column":16},"end":{"line":126,"column":28},"skip":true},"38":{"start":{"line":127,"column":16},"end":{"line":127,"column":69},"skip":true},"39":{"start":{"line":128,"column":16},"end":{"line":128,"column":75},"skip":true},"40":{"start":{"line":129,"column":16},"end":{"line":131,"column":17},"skip":true},"41":{"start":{"line":130,"column":20},"end":{"line":130,"column":27},"skip":true},"42":{"start":{"line":133,"column":16},"end":{"line":137,"column":36},"skip":true},"43":{"start":{"line":134,"column":20},"end":{"line":136,"column":55},"skip":true},"44":{"start":{"line":139,"column":16},"end":{"line":139,"column":57},"skip":true},"45":{"start":{"line":143,"column":8},"end":{"line":147,"column":11},"skip":true},"46":{"start":{"line":144,"column":12},"end":{"line":146,"column":15},"skip":true},"47":{"start":{"line":145,"column":16},"end":{"line":145,"column":70},"skip":true},"48":{"start":{"line":149,"column":8},"end":{"line":149,"column":31},"skip":true},"49":{"start":{"line":150,"column":8},"end":{"line":150,"column":14},"skip":true},"50":{"start":{"line":158,"column":8},"end":{"line":158,"column":31},"skip":true},"51":{"start":{"line":160,"column":8},"end":{"line":160,"column":33},"skip":true},"52":{"start":{"line":161,"column":8},"end":{"line":161,"column":37},"skip":true},"53":{"start":{"line":162,"column":8},"end":{"line":162,"column":35},"skip":true},"54":{"start":{"line":164,"column":8},"end":{"line":164,"column":50},"skip":true},"55":{"start":{"line":166,"column":8},"end":{"line":256,"column":2},"skip":true},"56":{"start":{"line":258,"column":8},"end":{"line":286,"column":9},"skip":true},"57":{"start":{"line":259,"column":12},"end":{"line":269,"column":14},"skip":true},"58":{"start":{"line":271,"column":12},"end":{"line":285,"column":19},"skip":true},"59":{"start":{"line":274,"column":20},"end":{"line":274,"column":35},"skip":true},"60":{"start":{"line":275,"column":20},"end":{"line":284,"column":21},"skip":true},"61":{"start":{"line":277,"column":24},"end":{"line":277,"column":64},"skip":true},"62":{"start":{"line":279,"column":24},"end":{"line":279,"column":40},"skip":true},"63":{"start":{"line":281,"column":24},"end":{"line":281,"column":40},"skip":true},"64":{"start":{"line":283,"column":24},"end":{"line":283,"column":39},"skip":true},"65":{"start":{"line":288,"column":8},"end":{"line":290,"column":9},"skip":true},"66":{"start":{"line":289,"column":12},"end":{"line":289,"column":18},"skip":true},"67":{"start":{"line":291,"column":8},"end":{"line":293,"column":54},"skip":true},"68":{"start":{"line":296,"column":8},"end":{"line":301,"column":37},"skip":true},"69":{"start":{"line":303,"column":8},"end":{"line":303,"column":82},"skip":true},"70":{"start":{"line":306,"column":8},"end":{"line":308,"column":9},"skip":true},"71":{"start":{"line":307,"column":12},"end":{"line":307,"column":82},"skip":true},"72":{"start":{"line":310,"column":8},"end":{"line":312,"column":9},"skip":true},"73":{"start":{"line":311,"column":12},"end":{"line":311,"column":18},"skip":true},"74":{"start":{"line":313,"column":8},"end":{"line":313,"column":54},"skip":true},"75":{"start":{"line":314,"column":8},"end":{"line":314,"column":69},"skip":true},"76":{"start":{"line":315,"column":8},"end":{"line":323,"column":36},"skip":true},"77":{"start":{"line":316,"column":12},"end":{"line":316,"column":61},"skip":true},"78":{"start":{"line":317,"column":12},"end":{"line":320,"column":13},"skip":true},"79":{"start":{"line":318,"column":16},"end":{"line":318,"column":75},"skip":true},"80":{"start":{"line":319,"column":16},"end":{"line":319,"column":23},"skip":true},"81":{"start":{"line":321,"column":12},"end":{"line":321,"column":38},"skip":true},"82":{"start":{"line":322,"column":12},"end":{"line":322,"column":27},"skip":true},"83":{"start":{"line":324,"column":8},"end":{"line":324,"column":14},"skip":true}},"branchMap":{"1":{"line":39,"type":"binary-expr","locations":[{"start":{"line":39,"column":23},"end":{"line":39,"column":62}},{"start":{"line":40,"column":20},"end":{"line":40,"column":70}},{"start":{"line":41,"column":20},"end":{"line":41,"column":71}},{"start":{"line":42,"column":20},"end":{"line":42,"column":29}}]},"2":{"line":44,"type":"binary-expr","locations":[{"start":{"line":44,"column":23},"end":{"line":44,"column":37}},{"start":{"line":45,"column":20},"end":{"line":45,"column":61}},{"start":{"line":46,"column":20},"end":{"line":46,"column":70}},{"start":{"line":47,"column":20},"end":{"line":47,"column":26}}]},"3":{"line":51,"type":"cond-expr","locations":[{"start":{"line":52,"column":14},"end":{"line":52,"column":20}},{"start":{"line":53,"column":14},"end":{"line":53,"column":20}}]},"4":{"line":55,"type":"binary-expr","locations":[{"start":{"line":55,"column":16},"end":{"line":55,"column":44}},{"start":{"line":55,"column":49},"end":{"line":57,"column":43}}]},"5":{"line":55,"type":"cond-expr","locations":[{"start":{"line":56,"column":14},"end":{"line":56,"column":48}},{"start":{"line":57,"column":14},"end":{"line":57,"column":43}}]},"6":{"line":61,"type":"switch","locations":[{"start":{"line":68,"column":4},"end":{"line":150,"column":14},"skip":true},{"start":{"line":156,"column":4},"end":{"line":324,"column":14},"skip":true}]},"7":{"line":70,"type":"if","locations":[{"start":{"line":70,"column":12},"end":{"line":70,"column":12},"skip":true},{"start":{"line":70,"column":12},"end":{"line":70,"column":12},"skip":true}]},"8":{"line":70,"type":"binary-expr","locations":[{"start":{"line":70,"column":16},"end":{"line":70,"column":22},"skip":true},{"start":{"line":70,"column":27},"end":{"line":70,"column":32},"skip":true},{"start":{"line":71,"column":20},"end":{"line":71,"column":39},"skip":true},{"start":{"line":72,"column":20},"end":{"line":72,"column":49},"skip":true},{"start":{"line":73,"column":20},"end":{"line":73,"column":58},"skip":true},{"start":{"line":74,"column":20},"end":{"line":74,"column":69},"skip":true}]},"9":{"line":79,"type":"switch","locations":[{"start":{"line":80,"column":20},"end":{"line":80,"column":33},"skip":true},{"start":{"line":81,"column":20},"end":{"line":83,"column":30},"skip":true},{"start":{"line":84,"column":20},"end":{"line":85,"column":49},"skip":true}]},"10":{"line":89,"type":"switch","locations":[{"start":{"line":90,"column":12},"end":{"line":103,"column":22},"skip":true},{"start":{"line":105,"column":12},"end":{"line":106,"column":22},"skip":true}]},"11":{"line":89,"type":"binary-expr","locations":[{"start":{"line":89,"column":20},"end":{"line":89,"column":25},"skip":true},{"start":{"line":89,"column":29},"end":{"line":89,"column":48},"skip":true},{"start":{"line":89,"column":52},"end":{"line":89,"column":74},"skip":true}]},"12":{"line":92,"type":"if","locations":[{"start":{"line":92,"column":16},"end":{"line":92,"column":16},"skip":true},{"start":{"line":92,"column":16},"end":{"line":92,"column":16},"skip":true}]},"13":{"line":108,"type":"if","locations":[{"start":{"line":108,"column":12},"end":{"line":108,"column":12},"skip":true},{"start":{"line":108,"column":12},"end":{"line":108,"column":12},"skip":true}]},"14":{"line":108,"type":"binary-expr","locations":[{"start":{"line":108,"column":16},"end":{"line":108,"column":61},"skip":true},{"start":{"line":108,"column":66},"end":{"line":108,"column":72},"skip":true},{"start":{"line":108,"column":77},"end":{"line":108,"column":82},"skip":true},{"start":{"line":109,"column":20},"end":{"line":109,"column":39},"skip":true},{"start":{"line":110,"column":20},"end":{"line":110,"column":49},"skip":true},{"start":{"line":111,"column":20},"end":{"line":111,"column":58},"skip":true},{"start":{"line":112,"column":20},"end":{"line":112,"column":68},"skip":true}]},"15":{"line":129,"type":"if","locations":[{"start":{"line":129,"column":16},"end":{"line":129,"column":16},"skip":true},{"start":{"line":129,"column":16},"end":{"line":129,"column":16},"skip":true}]},"16":{"line":134,"type":"cond-expr","locations":[{"start":{"line":135,"column":26},"end":{"line":135,"column":29},"skip":true},{"start":{"line":136,"column":26},"end":{"line":136,"column":54},"skip":true}]},"17":{"line":164,"type":"binary-expr","locations":[{"start":{"line":164,"column":27},"end":{"line":164,"column":43},"skip":true},{"start":{"line":164,"column":47},"end":{"line":164,"column":49},"skip":true}]},"18":{"line":258,"type":"if","locations":[{"start":{"line":258,"column":8},"end":{"line":258,"column":8},"skip":true},{"start":{"line":258,"column":8},"end":{"line":258,"column":8},"skip":true}]},"19":{"line":275,"type":"switch","locations":[{"start":{"line":276,"column":20},"end":{"line":277,"column":64},"skip":true},{"start":{"line":278,"column":20},"end":{"line":279,"column":40},"skip":true},{"start":{"line":280,"column":20},"end":{"line":281,"column":40},"skip":true},{"start":{"line":282,"column":20},"end":{"line":283,"column":39},"skip":true}]},"20":{"line":288,"type":"if","locations":[{"start":{"line":288,"column":8},"end":{"line":288,"column":8},"skip":true},{"start":{"line":288,"column":8},"end":{"line":288,"column":8},"skip":true}]},"21":{"line":288,"type":"binary-expr","locations":[{"start":{"line":288,"column":12},"end":{"line":288,"column":40},"skip":true},{"start":{"line":288,"column":44},"end":{"line":288,"column":67},"skip":true}]},"22":{"line":292,"type":"binary-expr","locations":[{"start":{"line":292,"column":12},"end":{"line":292,"column":50},"skip":true},{"start":{"line":293,"column":12},"end":{"line":293,"column":53},"skip":true}]},"23":{"line":297,"type":"binary-expr","locations":[{"start":{"line":297,"column":12},"end":{"line":297,"column":62},"skip":true},{"start":{"line":298,"column":12},"end":{"line":301,"column":36},"skip":true}]},"24":{"line":303,"type":"binary-expr","locations":[{"start":{"line":303,"column":43},"end":{"line":303,"column":75},"skip":true},{"start":{"line":303,"column":79},"end":{"line":303,"column":81},"skip":true}]},"25":{"line":306,"type":"if","locations":[{"start":{"line":306,"column":8},"end":{"line":306,"column":8},"skip":true},{"start":{"line":306,"column":8},"end":{"line":306,"column":8},"skip":true}]},"26":{"line":310,"type":"if","locations":[{"start":{"line":310,"column":8},"end":{"line":310,"column":8},"skip":true},{"start":{"line":310,"column":8},"end":{"line":310,"column":8},"skip":true}]},"27":{"line":313,"type":"binary-expr","locations":[{"start":{"line":313,"column":27},"end":{"line":313,"column":43},"skip":true},{"start":{"line":313,"column":47},"end":{"line":313,"column":53},"skip":true}]},"28":{"line":317,"type":"if","locations":[{"start":{"line":317,"column":12},"end":{"line":317,"column":12},"skip":true},{"start":{"line":317,"column":12},"end":{"line":317,"column":12},"skip":true}]}},"code":["/*","example.js","","quickstart example","","instruction","    1. save this script as example.js","    2. run the shell command:","        $ npm install npmtest-time && PORT=8081 node example.js","    3. play with the browser-demo on http://127.0.0.1:8081","*/","","","","/* istanbul instrument in package npmtest_time */","/*jslint","    bitwise: true,","    browser: true,","    maxerr: 8,","    maxlen: 96,","    node: true,","    nomen: true,","    regexp: true,","    stupid: true","*/","(function () {","    'use strict';","    var local;","","","","    // run shared js-env code - pre-init","    (function () {","        // init local","        local = {};","        // init modeJs","        local.modeJs = (function () {","            try {","                return typeof navigator.userAgent === 'string' &&","                    typeof document.querySelector('body') === 'object' &&","                    typeof XMLHttpRequest.prototype.open === 'function' &&","                    'browser';","            } catch (errorCaughtBrowser) {","                return module.exports &&","                    typeof process.versions.node === 'string' &&","                    typeof require('http').createServer === 'function' &&","                    'node';","            }","        }());","        // init global","        local.global = local.modeJs === 'browser'","            ? window","            : global;","        // init utility2_rollup","        local = local.global.utility2_rollup || (local.modeJs === 'browser'","            ? local.global.utility2_npmtest_time","            : global.utility2_moduleExports);","        // export local","        local.global.local = local;","    }());","    switch (local.modeJs) {","","","","    // post-init","    // run browser js-env code - post-init","    /* istanbul ignore next */","    case 'browser':","        local.testRunBrowser = function (event) {","            if (!event || (event &&","                    event.currentTarget &&","                    event.currentTarget.className &&","                    event.currentTarget.className.includes &&","                    event.currentTarget.className.includes('onreset'))) {","                // reset output","                Array.from(","                    document.querySelectorAll('body > .resettable')","                ).forEach(function (element) {","                    switch (element.tagName) {","                    case 'INPUT':","                    case 'TEXTAREA':","                        element.value = '';","                        break;","                    default:","                        element.textContent = '';","                    }","                });","            }","            switch (event && event.currentTarget && event.currentTarget.id) {","            case 'testRunButton1':","                // show tests","                if (document.querySelector('#testReportDiv1').style.display === 'none') {","                    document.querySelector('#testReportDiv1').style.display = 'block';","                    document.querySelector('#testRunButton1').textContent =","                        'hide internal test';","                    local.modeTest = true;","                    local.testRunDefault(local);","                // hide tests","                } else {","                    document.querySelector('#testReportDiv1').style.display = 'none';","                    document.querySelector('#testRunButton1').textContent = 'run internal test';","                }","                break;","            // custom-case","            default:","                break;","            }","            if (document.querySelector('#inputTextareaEval1') && (!event || (event &&","                    event.currentTarget &&","                    event.currentTarget.className &&","                    event.currentTarget.className.includes &&","                    event.currentTarget.className.includes('oneval')))) {","                // try to eval input-code","                try {","                    /*jslint evil: true*/","                    eval(document.querySelector('#inputTextareaEval1').value);","                } catch (errorCaught) {","                    console.error(errorCaught);","                }","            }","        };","        // log stderr and stdout to #outputTextareaStdout1","        ['error', 'log'].forEach(function (key) {","            console[key + '_original'] = console[key];","            console[key] = function () {","                var element;","                console[key + '_original'].apply(console, arguments);","                element = document.querySelector('#outputTextareaStdout1');","                if (!element) {","                    return;","                }","                // append text to #outputTextareaStdout1","                element.value += Array.from(arguments).map(function (arg) {","                    return typeof arg === 'string'","                        ? arg","                        : JSON.stringify(arg, null, 4);","                }).join(' ') + '\\n';","                // scroll textarea to bottom","                element.scrollTop = element.scrollHeight;","            };","        });","        // init event-handling","        ['change', 'click', 'keyup'].forEach(function (event) {","            Array.from(document.querySelectorAll('.on' + event)).forEach(function (element) {","                element.addEventListener(event, local.testRunBrowser);","            });","        });","        // run tests","        local.testRunBrowser();","        break;","","","","    // run node js-env code - post-init","    /* istanbul ignore next */","    case 'node':","        // export local","        module.exports = local;","        // require modules","        local.fs = require('fs');","        local.http = require('http');","        local.url = require('url');","        // init assets","        local.assetsDict = local.assetsDict || {};","        /* jslint-ignore-begin */","        local.assetsDict['/assets.index.template.html'] = '\\","<!doctype html>\\n\\","<html lang=\"en\">\\n\\","<head>\\n\\","<meta charset=\"UTF-8\">\\n\\","<meta name=\"viewport\" content=\"width=device-width, initial-scale=1\">\\n\\","<title>{{env.npm_package_name}} (v{{env.npm_package_version}})</title>\\n\\","<style>\\n\\","/*csslint\\n\\","    box-sizing: false,\\n\\","    universal-selector: false\\n\\","*/\\n\\","* {\\n\\","    box-sizing: border-box;\\n\\","}\\n\\","body {\\n\\","    background: #dde;\\n\\","    font-family: Arial, Helvetica, sans-serif;\\n\\","    margin: 2rem;\\n\\","}\\n\\","body > * {\\n\\","    margin-bottom: 1rem;\\n\\","}\\n\\",".utility2FooterDiv {\\n\\","    margin-top: 20px;\\n\\","    text-align: center;\\n\\","}\\n\\","</style>\\n\\","<style>\\n\\","/*csslint\\n\\","*/\\n\\","textarea {\\n\\","    font-family: monospace;\\n\\","    height: 10rem;\\n\\","    width: 100%;\\n\\","}\\n\\","textarea[readonly] {\\n\\","    background: #ddd;\\n\\","}\\n\\","</style>\\n\\","</head>\\n\\","<body>\\n\\","<!-- utility2-comment\\n\\","<div id=\"ajaxProgressDiv1\" style=\"background: #d00; height: 2px; left: 0; margin: 0; padding: 0; position: fixed; top: 0; transition: background 0.5s, width 1.5s; width: 25%;\"></div>\\n\\","utility2-comment -->\\n\\","<h1>\\n\\","<!-- utility2-comment\\n\\","    <a\\n\\","        {{#if env.npm_package_homepage}}\\n\\","        href=\"{{env.npm_package_homepage}}\"\\n\\","        {{/if env.npm_package_homepage}}\\n\\","        target=\"_blank\"\\n\\","    >\\n\\","utility2-comment -->\\n\\","        {{env.npm_package_name}} (v{{env.npm_package_version}})\\n\\","<!-- utility2-comment\\n\\","    </a>\\n\\","utility2-comment -->\\n\\","</h1>\\n\\","<h3>{{env.npm_package_description}}</h3>\\n\\","<!-- utility2-comment\\n\\","<h4><a download href=\"assets.app.js\">download standalone app</a></h4>\\n\\","<button class=\"onclick onreset\" id=\"testRunButton1\">run internal test</button><br>\\n\\","<div id=\"testReportDiv1\" style=\"display: none;\"></div>\\n\\","utility2-comment -->\\n\\","\\n\\","\\n\\","\\n\\","<label>stderr and stdout</label>\\n\\","<textarea class=\"resettable\" id=\"outputTextareaStdout1\" readonly></textarea>\\n\\","<!-- utility2-comment\\n\\","{{#if isRollup}}\\n\\","<script src=\"assets.app.js\"></script>\\n\\","{{#unless isRollup}}\\n\\","utility2-comment -->\\n\\","<script src=\"assets.utility2.rollup.js\"></script>\\n\\","<script src=\"jsonp.utility2._stateInit?callback=window.utility2._stateInit\"></script>\\n\\","<script src=\"assets.npmtest_time.rollup.js\"></script>\\n\\","<script src=\"assets.example.js\"></script>\\n\\","<script src=\"assets.test.js\"></script>\\n\\","<!-- utility2-comment\\n\\","{{/if isRollup}}\\n\\","utility2-comment -->\\n\\","<div class=\"utility2FooterDiv\">\\n\\","    [ this app was created with\\n\\","    <a href=\"https://github.com/kaizhu256/node-utility2\" target=\"_blank\">utility2</a>\\n\\","    ]\\n\\","</div>\\n\\","</body>\\n\\","</html>\\n\\","';","        /* jslint-ignore-end */","        if (local.templateRender) {","            local.assetsDict['/'] = local.templateRender(","                local.assetsDict['/assets.index.template.html'],","                {","                    env: local.objectSetDefault(local.env, {","                        npm_package_description: 'the greatest app in the world!',","                        npm_package_name: 'my-app',","                        npm_package_nameAlias: 'my_app',","                        npm_package_version: '0.0.1'","                    })","                }","            );","        } else {","            local.assetsDict['/'] = local.assetsDict['/assets.index.template.html']","                .replace((/\\{\\{env\\.(\\w+?)\\}\\}/g), function (match0, match1) {","                    // jslint-hack","                    String(match0);","                    switch (match1) {","                    case 'npm_package_description':","                        return 'the greatest app in the world!';","                    case 'npm_package_name':","                        return 'my-app';","                    case 'npm_package_nameAlias':","                        return 'my_app';","                    case 'npm_package_version':","                        return '0.0.1';","                    }","                });","        }","        // run the cli","        if (local.global.utility2_rollup || module !== require.main) {","            break;","        }","        local.assetsDict['/assets.example.js'] =","            local.assetsDict['/assets.example.js'] ||","            local.fs.readFileSync(__filename, 'utf8');","        // bug-workaround - long $npm_package_buildCustomOrg","        /* jslint-ignore-begin */","        local.assetsDict['/assets.npmtest_time.rollup.js'] =","            local.assetsDict['/assets.npmtest_time.rollup.js'] ||","            local.fs.readFileSync(","                local.npmtest_time.__dirname + '/lib.npmtest_time.js',","                'utf8'","            ).replace((/^#!/), '//');","        /* jslint-ignore-end */","        local.assetsDict['/favicon.ico'] = local.assetsDict['/favicon.ico'] || '';","        // if $npm_config_timeout_exit exists,","        // then exit this process after $npm_config_timeout_exit ms","        if (Number(process.env.npm_config_timeout_exit)) {","            setTimeout(process.exit, Number(process.env.npm_config_timeout_exit));","        }","        // start server","        if (local.global.utility2_serverHttp1) {","            break;","        }","        process.env.PORT = process.env.PORT || '8081';","        console.error('server starting on port ' + process.env.PORT);","        local.http.createServer(function (request, response) {","            request.urlParsed = local.url.parse(request.url);","            if (local.assetsDict[request.urlParsed.pathname] !== undefined) {","                response.end(local.assetsDict[request.urlParsed.pathname]);","                return;","            }","            response.statusCode = 404;","            response.end();","        }).listen(process.env.PORT);","        break;","    }","}());",""],"l":{"26":2,"28":2,"33":2,"35":2,"37":2,"38":2,"39":2,"44":1,"51":2,"55":2,"59":2,"61":2,"69":1,"70":2,"76":2,"79":2,"82":2,"83":2,"85":1,"89":2,"92":1,"93":1,"94":1,"96":1,"97":1,"100":1,"101":1,"103":1,"106":1,"108":2,"114":1,"116":1,"118":1,"123":1,"124":2,"125":2,"126":3,"127":3,"128":3,"129":3,"130":1,"133":3,"134":3,"139":3,"143":1,"144":3,"145":1,"149":1,"150":1,"158":1,"160":1,"161":1,"162":1,"164":1,"166":1,"258":1,"259":1,"271":1,"274":6,"275":6,"277":1,"279":2,"281":1,"283":2,"288":1,"289":1,"291":1,"296":1,"303":1,"306":1,"307":1,"310":1,"311":1,"313":1,"314":1,"315":1,"316":1,"317":1,"318":1,"319":1,"321":1,"322":1,"324":1}},"/home/travis/build/npmtest/node-npmtest-time/node_modules/time/index.js":{"path":"/home/travis/build/npmtest/node-npmtest-time/node_modules/time/index.js","s":{"1":1,"2":1,"3":1,"4":1,"5":1,"6":1,"7":1,"8":1,"9":1,"10":1,"11":1,"12":1,"13":1,"14":1,"15":1,"16":1,"17":1,"18":1,"19":0,"20":0,"21":1,"22":1,"23":1,"24":1,"25":1,"26":1,"27":1,"28":0,"29":1,"30":1,"31":1,"32":0,"33":1,"34":0,"35":0,"36":0,"37":0,"38":0,"39":0,"40":0,"41":0,"42":1,"43":0,"44":0,"45":0,"46":0,"47":0,"48":0,"49":1,"50":0,"51":0,"52":0,"53":0,"54":0,"55":0,"56":0,"57":0,"58":0,"59":0,"60":0,"61":0,"62":0,"63":0,"64":1,"65":1,"66":0,"67":0,"68":0,"69":0,"70":0,"71":0,"72":0,"73":0,"74":0,"75":1,"76":1,"77":0,"78":0,"79":0,"80":0,"81":0,"82":0,"83":0,"84":0,"85":0,"86":0,"87":0,"88":0,"89":0,"90":0,"91":0,"92":0,"93":0,"94":0,"95":0,"96":0,"97":0,"98":0,"99":0,"100":0,"101":0,"102":1,"103":0,"104":0,"105":0,"106":0,"107":0,"108":0,"109":0,"110":0,"111":0,"112":0,"113":0,"114":0,"115":0,"116":0,"117":0,"118":0,"119":0,"120":0,"121":0,"122":0,"123":0,"124":0,"125":0,"126":0,"127":0,"128":0,"129":0,"130":0,"131":0,"132":0,"133":0,"134":0,"135":0,"136":0,"137":0,"138":0,"139":0,"140":0,"141":0,"142":0,"143":0,"144":0,"145":0,"146":0,"147":0,"148":0,"149":0,"150":0,"151":0,"152":0,"153":0,"154":0,"155":0,"156":0,"157":0,"158":0,"159":0,"160":0,"161":0,"162":0,"163":0,"164":0,"165":0,"166":0,"167":0,"168":0,"169":0,"170":0,"171":0,"172":0,"173":0,"174":0,"175":0,"176":0,"177":0,"178":0,"179":0,"180":0,"181":0,"182":0,"183":0,"184":0,"185":0,"186":0,"187":0,"188":0,"189":0,"190":0,"191":0,"192":0,"193":0,"194":0,"195":0,"196":0,"197":0,"198":0,"199":0,"200":0,"201":0,"202":0,"203":0,"204":0,"205":0,"206":0,"207":0,"208":0,"209":0,"210":0,"211":0,"212":0,"213":0,"214":0,"215":0,"216":0,"217":0,"218":0,"219":0,"220":0,"221":0,"222":0,"223":0,"224":0,"225":0,"226":0,"227":0,"228":0,"229":0,"230":0,"231":0,"232":0,"233":0,"234":0,"235":0,"236":0,"237":0,"238":0,"239":0,"240":0,"241":0,"242":0,"243":0,"244":0,"245":0,"246":0,"247":0,"248":0,"249":0,"250":0,"251":0,"252":0,"253":0,"254":0,"255":0,"256":0,"257":0,"258":0,"259":0,"260":0,"261":0,"262":0,"263":0,"264":0,"265":0,"266":0,"267":0,"268":0,"269":0,"270":0,"271":0,"272":0,"273":0,"274":0,"275":0,"276":0,"277":1,"278":0,"279":1,"280":0,"281":0,"282":0,"283":0,"284":0,"285":0,"286":0,"287":0,"288":0,"289":1,"290":0,"291":1,"292":0,"293":0,"294":1,"295":0,"296":0,"297":0,"298":0,"299":0,"300":0,"301":0,"302":0,"303":0,"304":0,"305":0,"306":0,"307":0,"308":0,"309":0,"310":0,"311":0,"312":0,"313":0,"314":0,"315":0,"316":0,"317":0,"318":0,"319":0,"320":0,"321":0,"322":0,"323":0,"324":1,"325":1,"326":1,"327":0,"328":1,"329":1,"330":1,"331":1,"332":1,"333":0,"334":0,"335":0,"336":0,"337":0,"338":0,"339":1,"340":0,"341":0,"342":0},"b":{"1":[0,1],"2":[0,1],"3":[1,0],"4":[1,0],"5":[0,1],"6":[0,0],"7":[0,1],"8":[0,0],"9":[0,0],"10":[0,0],"11":[0,0],"12":[0,0],"13":[0,0],"14":[0,0],"15":[0,0],"16":[0,0],"17":[0,0],"18":[0,0],"19":[0,0,0],"20":[0,0],"21":[0,0],"22":[0,0],"23":[0,0],"24":[0,0],"25":[0,0],"26":[0,0],"27":[0,0],"28":[0,0],"29":[0,0],"30":[0,0],"31":[0,0],"32":[0,0],"33":[0,0],"34":[0,0],"35":[0,0],"36":[0,0],"37":[0,0],"38":[0,0],"39":[0,0],"40":[0,0,0],"41":[0,0,0,0],"42":[0,0,0],"43":[0,0],"44":[0,0],"45":[0,0],"46":[0,0],"47":[0,0],"48":[0,0],"49":[0,0],"50":[0,0],"51":[0,0],"52":[0,0],"53":[0,0,0,0,0,0,0,0],"54":[0,0],"55":[0,0],"56":[0,0]},"f":{"1":1,"2":0,"3":0,"4":0,"5":0,"6":0,"7":0,"8":0,"9":0,"10":0,"11":0,"12":0,"13":0,"14":0,"15":0,"16":0,"17":0,"18":0,"19":0,"20":0,"21":0,"22":0,"23":0,"24":0,"25":0,"26":0,"27":0,"28":0,"29":0,"30":0,"31":0,"32":0,"33":0,"34":0,"35":0,"36":0,"37":0,"38":0,"39":0,"40":0,"41":0,"42":0,"43":0,"44":0,"45":0,"46":0,"47":0,"48":0,"49":0,"50":0},"fnMap":{"1":{"name":"(anonymous_1)","line":21,"loc":{"start":{"line":21,"column":27},"end":{"line":21,"column":43}}},"2":{"name":"tzset","line":140,"loc":{"start":{"line":140,"column":0},"end":{"line":140,"column":20}}},"3":{"name":"listTimezones","line":166,"loc":{"start":{"line":166,"column":0},"end":{"line":166,"column":26}}},"4":{"name":"(anonymous_4)","line":176,"loc":{"start":{"line":176,"column":106},"end":{"line":176,"column":126}}},"5":{"name":"listTimezonesFolder","line":183,"loc":{"start":{"line":183,"column":0},"end":{"line":183,"column":49}}},"6":{"name":"(anonymous_6)","line":186,"loc":{"start":{"line":186,"column":21},"end":{"line":186,"column":43}}},"7":{"name":"(anonymous_7)","line":198,"loc":{"start":{"line":198,"column":44},"end":{"line":198,"column":60}}},"8":{"name":"(anonymous_8)","line":199,"loc":{"start":{"line":199,"column":17},"end":{"line":199,"column":39}}},"9":{"name":"(anonymous_9)","line":202,"loc":{"start":{"line":202,"column":82},"end":{"line":202,"column":102}}},"10":{"name":"setTimezone","line":228,"loc":{"start":{"line":228,"column":0},"end":{"line":228,"column":42}}},"11":{"name":"getTimezone","line":267,"loc":{"start":{"line":267,"column":21},"end":{"line":267,"column":44}}},"12":{"name":"getDate","line":272,"loc":{"start":{"line":272,"column":17},"end":{"line":272,"column":36}}},"13":{"name":"getDay","line":276,"loc":{"start":{"line":276,"column":16},"end":{"line":276,"column":34}}},"14":{"name":"getYear","line":281,"loc":{"start":{"line":281,"column":17},"end":{"line":281,"column":36}}},"15":{"name":"getFullYear","line":285,"loc":{"start":{"line":285,"column":21},"end":{"line":285,"column":44}}},"16":{"name":"getHours","line":289,"loc":{"start":{"line":289,"column":18},"end":{"line":289,"column":38}}},"17":{"name":"getMinutes","line":293,"loc":{"start":{"line":293,"column":20},"end":{"line":293,"column":42}}},"18":{"name":"getMonth","line":297,"loc":{"start":{"line":297,"column":18},"end":{"line":297,"column":38}}},"19":{"name":"getSeconds","line":301,"loc":{"start":{"line":301,"column":20},"end":{"line":301,"column":42}}},"20":{"name":"getTimezoneOffset","line":306,"loc":{"start":{"line":306,"column":27},"end":{"line":306,"column":56}}},"21":{"name":"getTimezoneAbbr","line":310,"loc":{"start":{"line":310,"column":25},"end":{"line":310,"column":52}}},"22":{"name":"setAllDateFields","line":315,"loc":{"start":{"line":315,"column":26},"end":{"line":315,"column":60}}},"23":{"name":"setDate","line":319,"loc":{"start":{"line":319,"column":17},"end":{"line":319,"column":37}}},"24":{"name":"setFullYear","line":324,"loc":{"start":{"line":324,"column":21},"end":{"line":324,"column":50}}},"25":{"name":"setHours","line":333,"loc":{"start":{"line":333,"column":18},"end":{"line":333,"column":46}}},"26":{"name":"setMilliseconds","line":347,"loc":{"start":{"line":347,"column":25},"end":{"line":347,"column":54}}},"27":{"name":"setMinutes","line":352,"loc":{"start":{"line":352,"column":20},"end":{"line":352,"column":48}}},"28":{"name":"setMonth","line":364,"loc":{"start":{"line":364,"column":18},"end":{"line":364,"column":42}}},"29":{"name":"setSeconds","line":371,"loc":{"start":{"line":371,"column":20},"end":{"line":371,"column":46}}},"30":{"name":"setTime","line":382,"loc":{"start":{"line":382,"column":17},"end":{"line":382,"column":37}}},"31":{"name":"setUTCDate","line":390,"loc":{"start":{"line":390,"column":20},"end":{"line":390,"column":43}}},"32":{"name":"setUTCFullYear","line":396,"loc":{"start":{"line":396,"column":24},"end":{"line":396,"column":56}}},"33":{"name":"setUTCHours","line":410,"loc":{"start":{"line":410,"column":21},"end":{"line":410,"column":52}}},"34":{"name":"setUTCMillseconds","line":426,"loc":{"start":{"line":426,"column":28},"end":{"line":426,"column":59}}},"35":{"name":"setUTCMinutes","line":432,"loc":{"start":{"line":432,"column":23},"end":{"line":432,"column":54}}},"36":{"name":"setUTCMonth","line":446,"loc":{"start":{"line":446,"column":21},"end":{"line":446,"column":48}}},"37":{"name":"setUTCSeconds","line":458,"loc":{"start":{"line":458,"column":23},"end":{"line":458,"column":52}}},"38":{"name":"toDateString","line":470,"loc":{"start":{"line":470,"column":22},"end":{"line":470,"column":46}}},"39":{"name":"toTimeString","line":474,"loc":{"start":{"line":474,"column":22},"end":{"line":474,"column":46}}},"40":{"name":"toString","line":483,"loc":{"start":{"line":483,"column":18},"end":{"line":483,"column":38}}},"41":{"name":"toLocaleDateString","line":487,"loc":{"start":{"line":487,"column":28},"end":{"line":487,"column":58}}},"42":{"name":"toLocaleTimeString","line":491,"loc":{"start":{"line":491,"column":28},"end":{"line":491,"column":58}}},"43":{"name":"reset","line":508,"loc":{"start":{"line":508,"column":2},"end":{"line":508,"column":20}}},"44":{"name":"mktime","line":512,"loc":{"start":{"line":512,"column":2},"end":{"line":512,"column":21}}},"45":{"name":"getTimezone","line":529,"loc":{"start":{"line":529,"column":0},"end":{"line":529,"column":24}}},"46":{"name":"getTimezoneAbbr","line":536,"loc":{"start":{"line":536,"column":0},"end":{"line":536,"column":28}}},"47":{"name":"Date","line":546,"loc":{"start":{"line":546,"column":0},"end":{"line":546,"column":78}}},"48":{"name":"parse","line":596,"loc":{"start":{"line":596,"column":0},"end":{"line":596,"column":35}}},"49":{"name":"extend","line":611,"loc":{"start":{"line":611,"column":17},"end":{"line":611,"column":40}}},"50":{"name":"pad","line":624,"loc":{"start":{"line":624,"column":0},"end":{"line":624,"column":27}}}},"statementMap":{"1":{"start":{"line":5,"column":0},"end":{"line":12,"column":40}},"2":{"start":{"line":21,"column":0},"end":{"line":28,"column":1}},"3":{"start":{"line":22,"column":2},"end":{"line":22,"column":38}},"4":{"start":{"line":23,"column":2},"end":{"line":23,"column":25}},"5":{"start":{"line":24,"column":2},"end":{"line":24,"column":30}},"6":{"start":{"line":25,"column":2},"end":{"line":25,"column":30}},"7":{"start":{"line":26,"column":2},"end":{"line":26,"column":38}},"8":{"start":{"line":27,"column":2},"end":{"line":27,"column":17}},"9":{"start":{"line":35,"column":0},"end":{"line":35,"column":41}},"10":{"start":{"line":41,"column":0},"end":{"line":41,"column":29}},"11":{"start":{"line":42,"column":0},"end":{"line":42,"column":39}},"12":{"start":{"line":43,"column":0},"end":{"line":43,"column":33}},"13":{"start":{"line":51,"column":0},"end":{"line":53,"column":42}},"14":{"start":{"line":59,"column":0},"end":{"line":59,"column":15}},"15":{"start":{"line":68,"column":0},"end":{"line":68,"column":51}},"16":{"start":{"line":69,"column":0},"end":{"line":73,"column":2}},"17":{"start":{"line":74,"column":0},"end":{"line":74,"column":30}},"18":{"start":{"line":75,"column":0},"end":{"line":78,"column":1}},"19":{"start":{"line":76,"column":2},"end":{"line":76,"column":41}},"20":{"start":{"line":77,"column":2},"end":{"line":77,"column":32}},"21":{"start":{"line":79,"column":0},"end":{"line":90,"column":1}},"22":{"start":{"line":80,"column":2},"end":{"line":80,"column":33}},"23":{"start":{"line":81,"column":2},"end":{"line":81,"column":44}},"24":{"start":{"line":82,"column":2},"end":{"line":89,"column":3}},"25":{"start":{"line":83,"column":4},"end":{"line":86,"column":5}},"26":{"start":{"line":84,"column":6},"end":{"line":84,"column":16}},"27":{"start":{"line":85,"column":6},"end":{"line":85,"column":12}},"28":{"start":{"line":88,"column":4},"end":{"line":88,"column":13}},"29":{"start":{"line":91,"column":0},"end":{"line":91,"column":22}},"30":{"start":{"line":92,"column":0},"end":{"line":96,"column":1}},"31":{"start":{"line":93,"column":2},"end":{"line":93,"column":47}},"32":{"start":{"line":95,"column":2},"end":{"line":95,"column":80}},"33":{"start":{"line":104,"column":0},"end":{"line":117,"column":1}},"34":{"start":{"line":105,"column":2},"end":{"line":105,"column":69}},"35":{"start":{"line":106,"column":2},"end":{"line":116,"column":3}},"36":{"start":{"line":107,"column":4},"end":{"line":107,"column":64}},"37":{"start":{"line":108,"column":4},"end":{"line":113,"column":5}},"38":{"start":{"line":110,"column":6},"end":{"line":110,"column":65}},"39":{"start":{"line":111,"column":6},"end":{"line":111,"column":54}},"40":{"start":{"line":112,"column":6},"end":{"line":112,"column":48}},"41":{"start":{"line":115,"column":4},"end":{"line":115,"column":13}},"42":{"start":{"line":119,"column":0},"end":{"line":128,"column":1}},"43":{"start":{"line":120,"column":2},"end":{"line":120,"column":69}},"44":{"start":{"line":121,"column":2},"end":{"line":127,"column":3}},"45":{"start":{"line":122,"column":4},"end":{"line":122,"column":63}},"46":{"start":{"line":123,"column":4},"end":{"line":123,"column":52}},"47":{"start":{"line":124,"column":4},"end":{"line":124,"column":46}},"48":{"start":{"line":126,"column":4},"end":{"line":126,"column":13}},"49":{"start":{"line":140,"column":0},"end":{"line":158,"column":1}},"50":{"start":{"line":141,"column":2},"end":{"line":143,"column":3}},"51":{"start":{"line":142,"column":4},"end":{"line":142,"column":24}},"52":{"start":{"line":144,"column":2},"end":{"line":144,"column":30}},"53":{"start":{"line":145,"column":2},"end":{"line":145,"column":29}},"54":{"start":{"line":146,"column":2},"end":{"line":146,"column":48}},"55":{"start":{"line":147,"column":2},"end":{"line":154,"column":3}},"56":{"start":{"line":148,"column":4},"end":{"line":148,"column":43}},"57":{"start":{"line":149,"column":4},"end":{"line":149,"column":62}},"58":{"start":{"line":150,"column":4},"end":{"line":152,"column":5}},"59":{"start":{"line":151,"column":6},"end":{"line":151,"column":22}},"60":{"start":{"line":153,"column":4},"end":{"line":153,"column":14}},"61":{"start":{"line":155,"column":2},"end":{"line":155,"column":35}},"62":{"start":{"line":156,"column":2},"end":{"line":156,"column":33}},"63":{"start":{"line":157,"column":2},"end":{"line":157,"column":13}},"64":{"start":{"line":159,"column":0},"end":{"line":159,"column":22}},"65":{"start":{"line":166,"column":0},"end":{"line":180,"column":1}},"66":{"start":{"line":167,"column":2},"end":{"line":169,"column":3}},"67":{"start":{"line":168,"column":4},"end":{"line":168,"column":47}},"68":{"start":{"line":170,"column":2},"end":{"line":172,"column":3}},"69":{"start":{"line":171,"column":4},"end":{"line":171,"column":47}},"70":{"start":{"line":173,"column":2},"end":{"line":174,"column":59}},"71":{"start":{"line":176,"column":2},"end":{"line":179,"column":5}},"72":{"start":{"line":177,"column":4},"end":{"line":177,"column":28}},"73":{"start":{"line":177,"column":13},"end":{"line":177,"column":28}},"74":{"start":{"line":178,"column":4},"end":{"line":178,"column":25}},"75":{"start":{"line":181,"column":0},"end":{"line":181,"column":38}},"76":{"start":{"line":183,"column":0},"end":{"line":219,"column":1}},"77":{"start":{"line":184,"column":2},"end":{"line":184,"column":21}},"78":{"start":{"line":186,"column":2},"end":{"line":218,"column":5}},"79":{"start":{"line":187,"column":4},"end":{"line":187,"column":28}},"80":{"start":{"line":187,"column":13},"end":{"line":187,"column":28}},"81":{"start":{"line":189,"column":4},"end":{"line":189,"column":37}},"82":{"start":{"line":191,"column":4},"end":{"line":217,"column":5}},"83":{"start":{"line":192,"column":6},"end":{"line":197,"column":7}},"84":{"start":{"line":195,"column":8},"end":{"line":195,"column":24}},"85":{"start":{"line":196,"column":8},"end":{"line":196,"column":16}},"86":{"start":{"line":198,"column":6},"end":{"line":216,"column":22}},"87":{"start":{"line":199,"column":10},"end":{"line":215,"column":12}},"88":{"start":{"line":200,"column":12},"end":{"line":212,"column":13}},"89":{"start":{"line":201,"column":14},"end":{"line":210,"column":15}},"90":{"start":{"line":202,"column":16},"end":{"line":208,"column":19}},"91":{"start":{"line":203,"column":18},"end":{"line":205,"column":19}},"92":{"start":{"line":204,"column":20},"end":{"line":204,"column":54}},"93":{"start":{"line":206,"column":18},"end":{"line":206,"column":34}},"94":{"start":{"line":207,"column":18},"end":{"line":207,"column":62}},"95":{"start":{"line":207,"column":42},"end":{"line":207,"column":62}},"96":{"start":{"line":209,"column":16},"end":{"line":209,"column":23}},"97":{"start":{"line":211,"column":14},"end":{"line":211,"column":67}},"98":{"start":{"line":211,"column":37},"end":{"line":211,"column":67}},"99":{"start":{"line":213,"column":12},"end":{"line":213,"column":28}},"100":{"start":{"line":214,"column":12},"end":{"line":214,"column":56}},"101":{"start":{"line":214,"column":36},"end":{"line":214,"column":56}},"102":{"start":{"line":228,"column":0},"end":{"line":525,"column":1}},"103":{"start":{"line":229,"column":2},"end":{"line":229,"column":56}},"104":{"start":{"line":234,"column":2},"end":{"line":234,"column":27}},"105":{"start":{"line":235,"column":2},"end":{"line":243,"column":3}},"106":{"start":{"line":236,"column":4},"end":{"line":236,"column":27}},"107":{"start":{"line":237,"column":4},"end":{"line":237,"column":24}},"108":{"start":{"line":238,"column":4},"end":{"line":238,"column":23}},"109":{"start":{"line":239,"column":4},"end":{"line":239,"column":24}},"110":{"start":{"line":240,"column":4},"end":{"line":240,"column":26}},"111":{"start":{"line":241,"column":4},"end":{"line":241,"column":26}},"112":{"start":{"line":242,"column":4},"end":{"line":242,"column":31}},"113":{"start":{"line":247,"column":2},"end":{"line":248,"column":36}},"114":{"start":{"line":249,"column":2},"end":{"line":252,"column":3}},"115":{"start":{"line":250,"column":4},"end":{"line":250,"column":69}},"116":{"start":{"line":251,"column":4},"end":{"line":251,"column":33}},"117":{"start":{"line":255,"column":2},"end":{"line":255,"column":58}},"118":{"start":{"line":258,"column":2},"end":{"line":261,"column":3}},"119":{"start":{"line":259,"column":4},"end":{"line":259,"column":50}},"120":{"start":{"line":260,"column":4},"end":{"line":260,"column":25}},"121":{"start":{"line":262,"column":2},"end":{"line":262,"column":15}},"122":{"start":{"line":267,"column":2},"end":{"line":269,"column":3}},"123":{"start":{"line":268,"column":4},"end":{"line":268,"column":20}},"124":{"start":{"line":272,"column":2},"end":{"line":274,"column":3}},"125":{"start":{"line":273,"column":4},"end":{"line":273,"column":31}},"126":{"start":{"line":276,"column":2},"end":{"line":278,"column":3}},"127":{"start":{"line":277,"column":4},"end":{"line":277,"column":30}},"128":{"start":{"line":281,"column":2},"end":{"line":283,"column":3}},"129":{"start":{"line":282,"column":4},"end":{"line":282,"column":25}},"130":{"start":{"line":285,"column":2},"end":{"line":287,"column":3}},"131":{"start":{"line":286,"column":4},"end":{"line":286,"column":32}},"132":{"start":{"line":289,"column":2},"end":{"line":291,"column":3}},"133":{"start":{"line":290,"column":4},"end":{"line":290,"column":26}},"134":{"start":{"line":293,"column":2},"end":{"line":295,"column":3}},"135":{"start":{"line":294,"column":4},"end":{"line":294,"column":28}},"136":{"start":{"line":297,"column":2},"end":{"line":299,"column":3}},"137":{"start":{"line":298,"column":4},"end":{"line":298,"column":26}},"138":{"start":{"line":301,"column":2},"end":{"line":303,"column":3}},"139":{"start":{"line":302,"column":4},"end":{"line":302,"column":28}},"140":{"start":{"line":306,"column":2},"end":{"line":308,"column":3}},"141":{"start":{"line":307,"column":4},"end":{"line":307,"column":36}},"142":{"start":{"line":310,"column":2},"end":{"line":312,"column":3}},"143":{"start":{"line":311,"column":4},"end":{"line":311,"column":57}},"144":{"start":{"line":315,"column":2},"end":{"line":317,"column":3}},"145":{"start":{"line":316,"column":4},"end":{"line":316,"column":36}},"146":{"start":{"line":319,"column":2},"end":{"line":322,"column":3}},"147":{"start":{"line":320,"column":4},"end":{"line":320,"column":28}},"148":{"start":{"line":321,"column":4},"end":{"line":321,"column":29}},"149":{"start":{"line":324,"column":2},"end":{"line":331,"column":3}},"150":{"start":{"line":325,"column":4},"end":{"line":325,"column":29}},"151":{"start":{"line":326,"column":4},"end":{"line":327,"column":26}},"152":{"start":{"line":327,"column":6},"end":{"line":327,"column":26}},"153":{"start":{"line":328,"column":4},"end":{"line":329,"column":30}},"154":{"start":{"line":329,"column":6},"end":{"line":329,"column":30}},"155":{"start":{"line":330,"column":4},"end":{"line":330,"column":29}},"156":{"start":{"line":333,"column":2},"end":{"line":345,"column":3}},"157":{"start":{"line":334,"column":4},"end":{"line":334,"column":23}},"158":{"start":{"line":335,"column":4},"end":{"line":336,"column":27}},"159":{"start":{"line":336,"column":6},"end":{"line":336,"column":27}},"160":{"start":{"line":337,"column":4},"end":{"line":338,"column":27}},"161":{"start":{"line":338,"column":6},"end":{"line":338,"column":27}},"162":{"start":{"line":339,"column":4},"end":{"line":344,"column":31}},"163":{"start":{"line":340,"column":6},"end":{"line":340,"column":24}},"164":{"start":{"line":341,"column":6},"end":{"line":341,"column":45}},"165":{"start":{"line":342,"column":6},"end":{"line":342,"column":49}},"166":{"start":{"line":344,"column":6},"end":{"line":344,"column":31}},"167":{"start":{"line":347,"column":2},"end":{"line":350,"column":3}},"168":{"start":{"line":348,"column":4},"end":{"line":348,"column":43}},"169":{"start":{"line":349,"column":4},"end":{"line":349,"column":47}},"170":{"start":{"line":352,"column":2},"end":{"line":362,"column":3}},"171":{"start":{"line":353,"column":4},"end":{"line":353,"column":25}},"172":{"start":{"line":354,"column":4},"end":{"line":355,"column":27}},"173":{"start":{"line":355,"column":6},"end":{"line":355,"column":27}},"174":{"start":{"line":356,"column":4},"end":{"line":361,"column":31}},"175":{"start":{"line":357,"column":6},"end":{"line":357,"column":24}},"176":{"start":{"line":358,"column":6},"end":{"line":358,"column":45}},"177":{"start":{"line":359,"column":6},"end":{"line":359,"column":49}},"178":{"start":{"line":361,"column":6},"end":{"line":361,"column":31}},"179":{"start":{"line":364,"column":2},"end":{"line":369,"column":3}},"180":{"start":{"line":365,"column":4},"end":{"line":365,"column":24}},"181":{"start":{"line":366,"column":4},"end":{"line":367,"column":30}},"182":{"start":{"line":367,"column":6},"end":{"line":367,"column":30}},"183":{"start":{"line":368,"column":4},"end":{"line":368,"column":29}},"184":{"start":{"line":371,"column":2},"end":{"line":379,"column":3}},"185":{"start":{"line":372,"column":4},"end":{"line":372,"column":25}},"186":{"start":{"line":373,"column":4},"end":{"line":378,"column":31}},"187":{"start":{"line":374,"column":6},"end":{"line":374,"column":24}},"188":{"start":{"line":375,"column":6},"end":{"line":375,"column":45}},"189":{"start":{"line":376,"column":6},"end":{"line":376,"column":49}},"190":{"start":{"line":378,"column":6},"end":{"line":378,"column":31}},"191":{"start":{"line":382,"column":2},"end":{"line":388,"column":3}},"192":{"start":{"line":383,"column":4},"end":{"line":383,"column":52}},"193":{"start":{"line":386,"column":4},"end":{"line":386,"column":21}},"194":{"start":{"line":387,"column":4},"end":{"line":387,"column":15}},"195":{"start":{"line":390,"column":2},"end":{"line":394,"column":3}},"196":{"start":{"line":391,"column":4},"end":{"line":391,"column":55}},"197":{"start":{"line":392,"column":4},"end":{"line":392,"column":21}},"198":{"start":{"line":393,"column":4},"end":{"line":393,"column":15}},"199":{"start":{"line":396,"column":2},"end":{"line":408,"column":3}},"200":{"start":{"line":397,"column":4},"end":{"line":397,"column":12}},"201":{"start":{"line":398,"column":4},"end":{"line":405,"column":5}},"202":{"start":{"line":400,"column":8},"end":{"line":400,"column":59}},"203":{"start":{"line":400,"column":60},"end":{"line":400,"column":66}},"204":{"start":{"line":402,"column":8},"end":{"line":402,"column":62}},"205":{"start":{"line":402,"column":63},"end":{"line":402,"column":69}},"206":{"start":{"line":404,"column":8},"end":{"line":404,"column":64}},"207":{"start":{"line":404,"column":65},"end":{"line":404,"column":71}},"208":{"start":{"line":406,"column":4},"end":{"line":406,"column":21}},"209":{"start":{"line":407,"column":4},"end":{"line":407,"column":15}},"210":{"start":{"line":410,"column":2},"end":{"line":424,"column":3}},"211":{"start":{"line":411,"column":4},"end":{"line":411,"column":12}},"212":{"start":{"line":412,"column":4},"end":{"line":421,"column":5}},"213":{"start":{"line":414,"column":8},"end":{"line":414,"column":56}},"214":{"start":{"line":414,"column":57},"end":{"line":414,"column":63}},"215":{"start":{"line":416,"column":8},"end":{"line":416,"column":58}},"216":{"start":{"line":416,"column":59},"end":{"line":416,"column":65}},"217":{"start":{"line":418,"column":8},"end":{"line":418,"column":60}},"218":{"start":{"line":418,"column":61},"end":{"line":418,"column":67}},"219":{"start":{"line":420,"column":8},"end":{"line":420,"column":63}},"220":{"start":{"line":420,"column":64},"end":{"line":420,"column":70}},"221":{"start":{"line":422,"column":4},"end":{"line":422,"column":21}},"222":{"start":{"line":423,"column":4},"end":{"line":423,"column":15}},"223":{"start":{"line":426,"column":2},"end":{"line":430,"column":3}},"224":{"start":{"line":427,"column":4},"end":{"line":427,"column":64}},"225":{"start":{"line":428,"column":4},"end":{"line":428,"column":21}},"226":{"start":{"line":429,"column":4},"end":{"line":429,"column":15}},"227":{"start":{"line":432,"column":2},"end":{"line":444,"column":3}},"228":{"start":{"line":433,"column":4},"end":{"line":433,"column":12}},"229":{"start":{"line":434,"column":4},"end":{"line":441,"column":5}},"230":{"start":{"line":436,"column":8},"end":{"line":436,"column":58}},"231":{"start":{"line":436,"column":59},"end":{"line":436,"column":65}},"232":{"start":{"line":438,"column":8},"end":{"line":438,"column":60}},"233":{"start":{"line":438,"column":61},"end":{"line":438,"column":67}},"234":{"start":{"line":440,"column":8},"end":{"line":440,"column":63}},"235":{"start":{"line":440,"column":64},"end":{"line":440,"column":70}},"236":{"start":{"line":442,"column":4},"end":{"line":442,"column":21}},"237":{"start":{"line":443,"column":4},"end":{"line":443,"column":15}},"238":{"start":{"line":446,"column":2},"end":{"line":456,"column":3}},"239":{"start":{"line":447,"column":4},"end":{"line":447,"column":12}},"240":{"start":{"line":448,"column":4},"end":{"line":453,"column":5}},"241":{"start":{"line":450,"column":8},"end":{"line":450,"column":57}},"242":{"start":{"line":450,"column":58},"end":{"line":450,"column":64}},"243":{"start":{"line":452,"column":8},"end":{"line":452,"column":59}},"244":{"start":{"line":452,"column":60},"end":{"line":452,"column":66}},"245":{"start":{"line":454,"column":4},"end":{"line":454,"column":21}},"246":{"start":{"line":455,"column":4},"end":{"line":455,"column":15}},"247":{"start":{"line":458,"column":2},"end":{"line":468,"column":3}},"248":{"start":{"line":459,"column":4},"end":{"line":459,"column":12}},"249":{"start":{"line":460,"column":4},"end":{"line":465,"column":5}},"250":{"start":{"line":462,"column":8},"end":{"line":462,"column":58}},"251":{"start":{"line":462,"column":59},"end":{"line":462,"column":65}},"252":{"start":{"line":464,"column":8},"end":{"line":464,"column":61}},"253":{"start":{"line":464,"column":62},"end":{"line":464,"column":68}},"254":{"start":{"line":466,"column":4},"end":{"line":466,"column":21}},"255":{"start":{"line":467,"column":4},"end":{"line":467,"column":15}},"256":{"start":{"line":470,"column":2},"end":{"line":472,"column":3}},"257":{"start":{"line":471,"column":4},"end":{"line":471,"column":161}},"258":{"start":{"line":474,"column":2},"end":{"line":481,"column":3}},"259":{"start":{"line":475,"column":4},"end":{"line":475,"column":51}},"260":{"start":{"line":477,"column":4},"end":{"line":477,"column":48}},"261":{"start":{"line":478,"column":4},"end":{"line":478,"column":38}},"262":{"start":{"line":479,"column":4},"end":{"line":480,"column":67}},"263":{"start":{"line":483,"column":2},"end":{"line":485,"column":3}},"264":{"start":{"line":484,"column":4},"end":{"line":484,"column":59}},"265":{"start":{"line":487,"column":2},"end":{"line":489,"column":3}},"266":{"start":{"line":488,"column":4},"end":{"line":488,"column":131}},"267":{"start":{"line":491,"column":2},"end":{"line":493,"column":3}},"268":{"start":{"line":492,"column":4},"end":{"line":492,"column":103}},"269":{"start":{"line":495,"column":2},"end":{"line":495,"column":38}},"270":{"start":{"line":497,"column":2},"end":{"line":504,"column":3}},"271":{"start":{"line":498,"column":4},"end":{"line":498,"column":33}},"272":{"start":{"line":499,"column":4},"end":{"line":499,"column":20}},"273":{"start":{"line":500,"column":4},"end":{"line":500,"column":22}},"274":{"start":{"line":501,"column":4},"end":{"line":501,"column":22}},"275":{"start":{"line":502,"column":4},"end":{"line":502,"column":28}},"276":{"start":{"line":503,"column":4},"end":{"line":503,"column":38}},"277":{"start":{"line":508,"column":2},"end":{"line":510,"column":3}},"278":{"start":{"line":509,"column":4},"end":{"line":509,"column":41}},"279":{"start":{"line":512,"column":2},"end":{"line":522,"column":3}},"280":{"start":{"line":513,"column":4},"end":{"line":513,"column":31}},"281":{"start":{"line":514,"column":4},"end":{"line":514,"column":38}},"282":{"start":{"line":515,"column":4},"end":{"line":515,"column":36}},"283":{"start":{"line":516,"column":4},"end":{"line":516,"column":37}},"284":{"start":{"line":517,"column":4},"end":{"line":520,"column":5}},"285":{"start":{"line":518,"column":6},"end":{"line":518,"column":27}},"286":{"start":{"line":519,"column":6},"end":{"line":519,"column":19}},"287":{"start":{"line":521,"column":4},"end":{"line":521,"column":76}},"288":{"start":{"line":524,"column":2},"end":{"line":524,"column":14}},"289":{"start":{"line":529,"column":0},"end":{"line":531,"column":1}},"290":{"start":{"line":530,"column":2},"end":{"line":530,"column":90}},"291":{"start":{"line":536,"column":0},"end":{"line":539,"column":1}},"292":{"start":{"line":537,"column":2},"end":{"line":537,"column":51}},"293":{"start":{"line":538,"column":2},"end":{"line":538,"column":40}},"294":{"start":{"line":546,"column":0},"end":{"line":589,"column":1}},"295":{"start":{"line":547,"column":2},"end":{"line":549,"column":3}},"296":{"start":
[...]
n.tzname[1] && rtn.timezone === 0) {","    debug('got bad zoneinfo object:', rtn);","    var err = new Error(\"Unknown Timezone: '\" + usedTz + \"'\");","    for (var i in rtn) {","      err[i] = rtn[i];","    }","    throw err;","  }","  exports.currentTimezone = usedTz;","  exports._currentZoneinfo = rtn;","  return rtn;","}","exports.tzset = tzset;","","/**"," * Lists the timezones that the current system can accept. It does this by going"," * on a recursive walk through the timezone dir and collecting filenames."," */","","function listTimezones () {","  if (arguments.length == 0) {","    throw new Error(\"You must set a callback\");","  }","  if (typeof arguments[arguments.length - 1] != \"function\") {","    throw new Error(\"You must set a callback\");","  }","  var cb = arguments[arguments.length - 1]","    , subset = (arguments.length > 1 ? arguments[0] : null)","","  return listTimezonesFolder(subset ? subset + \"/\" : \"\", subset ? path.join(TZDIR, \"/\" + subset) : TZDIR, function (err, tzs) {","    if (err) return cb(err);","    cb(null, tzs.sort());","  });","}","exports.listTimezones = listTimezones;","","function listTimezonesFolder(prefix, folder, cb) {","  var timezones = [];","","  fs.readdir(folder, function (err, files) {","    if (err) return cb(err);","","    var pending_stats = files.length;","","    for (var i = 0; i < files.length; i++) {","      if (~TZ_BLACKLIST.indexOf(files[i])","          || files[i].indexOf(\".\") >= 0","          || files[i][0].toUpperCase() != files[i][0]) {","        pending_stats--;","        continue","      }","      fs.stat(path.join(folder, files[i]), (function (file) {","          return function (err, stats) {","            if (!err) {","              if (stats.isDirectory()) {","                listTimezonesFolder(prefix + file + \"/\", path.join(folder, file), function (err, tzs) {","                  if (!err) {","                    timezones = timezones.concat(tzs);","                  }","                  pending_stats--;","                  if (pending_stats == 0) cb(null, timezones);","                });","                return;","              }","              if (prefix.length > 0) timezones.push(prefix + file);","            }","            pending_stats--;","            if (pending_stats == 0) cb(null, timezones);","          };","        })(files[i]));","    }","  });","}","","/**"," * The \"setTimezone\" function is the \"entry point\" for a Date instance."," * It must be called after an instance has been created. After, the 'getSeconds()',"," * 'getHours()', 'getDays()', etc. functions will return values relative"," * to the time zone specified."," */","","function setTimezone (timezone, relative) {","  debug('Date#setTimezone(%s, %s)', timezone, relative);","","  // If `true` is passed in as the second argument, then the Date instance","  // will have it's timezone set, but it's current local values will remain","  // the same (i.e. the Date's internal time value will be changed)","  var ms, s, m, h, d, mo, y","  if (relative) {","    y  = this.getFullYear()","    mo = this.getMonth()","    d  = this.getDate()","    h  = this.getHours()","    m  = this.getMinutes()","    s  = this.getSeconds()","    ms = this.getMilliseconds()","  }","","  // If the current process timezone doesn't match the desired timezone, then call","  // tzset() to change the current timezone of the process.","  var oldTz = exports.currentTimezone","    , tz = exports._currentZoneinfo;","  if (!tz || oldTz !== timezone) {","    debug('current timezone is not \"%s\", calling tzset()', timezone);","    tz = exports.tzset(timezone);","  }","","  // Get the zoneinfo for this Date instance's time value","  var zoneInfo = exports.localtime(this.getTime() / 1000);","","  // Change the timezone back if we changed it originally","  if (oldTz != timezone) {","    debug('setting timezone back to \"%s\"', oldTz);","    exports.tzset(oldTz);","  }","  oldTz = null;","","  // If we got to here without throwing an Error, then","  // a valid timezone was requested, and we should have","  // a valid zoneInfo Object.","  this.getTimezone = function getTimezone() {","    return timezone;","  }","","  // Returns the day of the month (1-31) for the specified date according to local time.","  this.getDate = function getDate() {","    return zoneInfo.dayOfMonth;","  }","  // Returns the day of the week (0-6) for the specified date according to local time.","  this.getDay = function getDay() {","    return zoneInfo.dayOfWeek;","  }","  // Deprecated. Returns the year (usually 2-3 digits) in the specified date according","  // to local time. Use `getFullYear()` instead.","  this.getYear = function getYear() {","    return zoneInfo.year;","  }","  // Returns the year (4 digits for 4-digit years) of the specified date according to local time.","  this.getFullYear = function getFullYear() {","    return zoneInfo.year + 1900;","  }","  // Returns the hour (0-23) in the specified date according to local time.","  this.getHours = function getHours() {","    return zoneInfo.hours;","  }","  // Returns the minutes (0-59) in the specified date according to local time.","  this.getMinutes = function getMinutes() {","    return zoneInfo.minutes;","  }","  // Returns the month (0-11) in the specified date according to local time.","  this.getMonth = function getMonth() {","    return zoneInfo.month;","  }","  // Returns the seconds (0-59) in the specified date according to local time.","  this.getSeconds = function getSeconds() {","    return zoneInfo.seconds;","  }","  // Returns the timezone offset from GMT the Date instance currently is in,","  // in minutes. Also, left of GMT is positive, right of GMT is negative.","  this.getTimezoneOffset = function getTimezoneOffset() {","    return -zoneInfo.gmtOffset / 60;","  }","  // NON-STANDARD: Returns the abbreviation (e.g. EST, EDT) for the specified time zone.","  this.getTimezoneAbbr = function getTimezoneAbbr() {","    return tz.tzname[zoneInfo.isDaylightSavings ? 1 : 0];","  }","","  // Sets day, month and year at once","  this.setAllDateFields = function setAllDateFields(y,mo,d) {","    return this.setFullYear(y,mo,d);","  }","  // Sets the day of the month (from 1-31) in the current timezone","  this.setDate = function setDate(d) {","    zoneInfo.dayOfMonth = d;","    return mktime.call(this);","  }","  // Sets the year (four digits) in the current timezone","  this.setFullYear = function setFullYear(y,mo,d) {","    zoneInfo.year = y - 1900;","    if(arguments.length > 1)","      zoneInfo.month = mo;","    if(arguments.length > 2)","      zoneInfo.dayOfMonth = d;","    return mktime.call(this);","  }","  // Sets the hour (from 0-23) in the current timezone","  this.setHours = function setHours(h,m,s,ms) {","    zoneInfo.hours = h;","    if(arguments.length > 1)","      zoneInfo.minutes = m;","    if(arguments.length > 2)","      zoneInfo.seconds = s;","    if(arguments.length > 3) {","      mktime.call(this);","      var diff = ms - this.getMilliseconds();","      return this.setTime(this.getTime() + diff);","    } else","      return mktime.call(this);","  }","  // Sets the milliseconds (from 0-999) in the current timezone","  this.setMilliseconds = function setMilliseconds(ms) {","    var diff = ms - this.getMilliseconds();","    return this.setTime(this.getTime() + diff);","  }","  // Set the minutes (from 0-59) in the current timezone","  this.setMinutes = function setMinutes(m,s,ms) {","    zoneInfo.minutes = m;","    if(arguments.length > 1)","      zoneInfo.seconds = s;","    if(arguments.length > 2) {","      mktime.call(this);","      var diff = ms - this.getMilliseconds();","      return this.setTime(this.getTime() + diff);","    } else","      return mktime.call(this);","  }","  // Sets the month (from 0-11) in the current timezone","  this.setMonth = function setMonth(mo,d) {","    zoneInfo.month = mo;","    if(arguments.length > 1)","      zoneInfo.dayOfMonth = d;","    return mktime.call(this);","  }","  // Sets the seconds (from 0-59) in the current timezone","  this.setSeconds = function setSeconds(s,ms) {","    zoneInfo.seconds = s;","    if(arguments.length > 1) {","      mktime.call(this);","      var diff = ms - this.getMilliseconds();","      return this.setTime(this.getTime() + diff);","    } else","      return mktime.call(this);","  }","  // Sets a date and time by adding or subtracting a specified number of","  // milliseconds to/from midnight January 1, 1970.","  this.setTime = function setTime(v) {","    var rtn = _Date.prototype.setTime.call(this, v);","    // Since this function changes the internal UTC epoch date value, we need to","    // re-setup these timezone translation functions to reflect the new value","    reset.call(this);","    return rtn;","  }","  // Sets the day of the month, according to universal time (from 1-31)","  this.setUTCDate = function setUTCDate(d) {","    var rtn = _Date.prototype.setUTCDate.call(this, d);","    reset.call(this);","    return rtn;","  }","  // Sets the year, according to universal time (four digits)","  this.setUTCFullYear = function setUTCFullYear(y,mo,d) {","    var rtn;","    switch(arguments.length) {","      case 1:","        rtn = _Date.prototype.setUTCFullYear.call(this, y); break;","      case 2:","        rtn = _Date.prototype.setUTCFullYear.call(this, y,mo); break;","      case 3:","        rtn = _Date.prototype.setUTCFullYear.call(this, y,mo,d); break;","    }","    reset.call(this);","    return rtn;","  }","  // Sets the hour, according to universal time (from 0-23)","  this.setUTCHours = function setUTCHours(h,m,s,ms) {","    var rtn;","    switch(arguments.length) {","      case 1:","        rtn = _Date.prototype.setUTCHours.call(this, h); break;","      case 2:","        rtn = _Date.prototype.setUTCHours.call(this, h,m); break;","      case 3:","        rtn = _Date.prototype.setUTCHours.call(this, h,m,s); break;","      case 4:","        rtn = _Date.prototype.setUTCHours.call(this, h,m,s,ms); break;","    }","    reset.call(this);","    return rtn;","  }","  // Sets the milliseconds, according to universal time (from 0-999)","  this.setUTCMilliseconds = function setUTCMillseconds(ms) {","    var rtn = _Date.prototype.setUTCMilliseconds.call(this, ms);","    reset.call(this);","    return rtn;","  }","  // Set the minutes, according to universal time (from 0-59)","  this.setUTCMinutes = function setUTCMinutes(m,s,ms) {","    var rtn;","    switch(arguments.length) {","      case 1:","        rtn = _Date.prototype.setUTCMinutes.call(this, m); break;","      case 2:","        rtn = _Date.prototype.setUTCMinutes.call(this, m,s); break;","      case 3:","        rtn = _Date.prototype.setUTCMinutes.call(this, m,s,ms); break;","    }","    reset.call(this);","    return rtn;","  }","  // Sets the month, according to universal time (from 0-11)","  this.setUTCMonth = function setUTCMonth(mo,d) {","    var rtn;","    switch(arguments.length) {","      case 1:","        rtn = _Date.prototype.setUTCMonth.call(this, mo); break;","      case 2:","        rtn = _Date.prototype.setUTCMonth.call(this, mo,d); break;","    }","    reset.call(this);","    return rtn;","  }","  // Set the seconds, according to universal time (from 0-59)","  this.setUTCSeconds = function setUTCSeconds(s,ms) {","    var rtn;","    switch(arguments.length) {","      case 1:","        rtn = _Date.prototype.setUTCSeconds.call(this, s); break;","      case 2:","        rtn = _Date.prototype.setUTCSeconds.call(this, s,ms); break;","    }","    reset.call(this);","    return rtn;","  }","","  this.toDateString = function toDateString() {","    return DAYS_OF_WEEK[this.getDay()].substring(0, 3) + ' ' + MONTHS[this.getMonth()].substring(0, 3) + ' ' + pad(this.getDate(), 2) + ' ' + this.getFullYear();","  }","","  this.toTimeString = function toTimeString() {","    var offset = Math.abs(zoneInfo.gmtOffset / 60); // total minutes","    // split into HHMM:","    var hours = pad(Math.floor(offset / 60), 2);","    var minutes = pad(offset % 60, 2);","    return this.toLocaleTimeString() + ' GMT' + (zoneInfo.gmtOffset >= 0 ? '+' : '-') + hours + minutes","      + ' (' + tz.tzname[zoneInfo.isDaylightSavings ? 1 : 0] + ')';","  }","","  this.toString = function toString() {","    return this.toDateString() + ' ' + this.toTimeString();","  }","","  this.toLocaleDateString = function toLocaleDateString() {","    return DAYS_OF_WEEK[this.getDay()] + ', ' + MONTHS[this.getMonth()] + ' ' + pad(this.getDate(), 2) + ', ' + this.getFullYear();","  }","","  this.toLocaleTimeString = function toLocaleTimeString() {","    return pad(this.getHours(), 2) + ':' + pad(this.getMinutes(), 2) + ':' + pad(this.getSeconds(), 2);","  }","","  this.toLocaleString = this.toString;","","  if (relative) {","    this.setAllDateFields(y,mo,d)","    this.setHours(h)","    this.setMinutes(m)","    this.setSeconds(s)","    this.setMilliseconds(ms)","    ms = s = m = h = d = mo = y = null","  }","","","  // Used internally by the 'set*' functions above...","  function reset () {","    this.setTimezone(this.getTimezone());","  }","  // 'mktime' calls 'reset' implicitly through 'setTime()'","  function mktime () {","    var oldTz = process.env.TZ;","    exports.tzset(this.getTimezone());","    zoneInfo.isDaylightSavings = -1; // Auto-detect the timezone","    var t = exports.mktime(zoneInfo);","    if (oldTz) {","      exports.tzset(oldTz);","      oldTz = null;","    }","    return this.setTime( (t * MILLIS_PER_SECOND) + this.getMilliseconds() );","  }","","  return this;","}","","// Returns a \"String\" of the last value set in \"setTimezone\".","// TODO: Return something when 'setTimezone' hasn't been called yet.","function getTimezone () {","  throw new Error('You must call \"setTimezone(tz)\" before \"getTimezone()\" may be called');","}","","// NON-STANDARD: Returns the abbreviated timezone name, also taking daylight","// savings into consideration. Useful for the presentation layer of a Date","// instance.","function getTimezoneAbbr () {","  var str = this.toString().match(/\\([A-Z]+\\)/)[0];","  return str.substring(1, str.length-1);","}","","// Export the modified 'Date' instance. Users should either use this with the","// 'new' operator, or extend an already existing Date instance with 'extend()'.","// An optional, NON-STANDARD, \"timezone\" argument may be appended as the final","// argument, in order to specify the initial timezone the Date instance should","// be created with.","function Date (year, month, day, hour, minute, second, millisecond, timezone) {","  if (!(this instanceof Date)) {","    return new Date(year, month, day, hour, minute, second, millisecond, timezone).toString();","  }","  var argc = arguments.length","    , d;","  // So that we don't have to do the switch block below twice!","  while (argc > 0 && typeof arguments[argc-1] === 'undefined') {","    argc--;","  }","  // An optional 'timezone' argument may be passed as the final argument","  if (argc >= 2 && typeof arguments[argc - 1] === 'string') {","    timezone = arguments[argc - 1];","    argc--;","  }","  // Ugly, but the native Date constructor depends on arguments.length in order","  // to create a Date instance in the intended fashion.","  switch (argc) {","    case 0:","      d = new _Date(); break;","    case 1:","      d = new _Date(year); break;","    case 2:","      d = new _Date(year, month); break;","    case 3:","      d = new _Date(year, month, day); break;","    case 4:","      d = new _Date(year, month, day, hour); break;","    case 5:","      d = new _Date(year, month, day, hour, minute); break;","    case 6:","      d = new _Date(year, month, day, hour, minute, second); break;","    case 7:","      d = new _Date(year, month, day, hour, minute, second, millisecond); break;","  }","  if (timezone) {","    // set time given timezone relative to the currently set local time","    // (changing the internal \"time\" milliseconds value unless ms specified)","    d.setTimezone(timezone, !(argc == 1 && typeof year === 'number'));","  } else {","    d.setTimezone(exports.currentTimezone);","  }","  return d;","}","Date.prototype = _Date.prototype;","exports.Date = Date;","","","// We also overwrite `Date.parse()`. It can accept an optional 'timezone'","// second argument.","function parse (dateStr, timezone) {","  return new Date(dateStr, timezone).getTime();","}","exports.parse = parse;","","// 'now()', 'parse()', and 'UTC()' all need to be re-defined on Date as don't enum","Object.defineProperty(Date, 'now', { value: _Date.now, writable: true, enumerable: false });","Object.defineProperty(Date, 'parse', { value: parse, writable: true, enumerable: false });","Object.defineProperty(Date, 'UTC', { value: _Date.UTC, writable: true, enumerable: false });","","","","// Turns a \"regular\" Date instance into one of our \"extended\" Date instances.","// The return value is negligible, as the original Date instance is modified.","// DEPRECATED: Just extend the Date's prototype using the Date-extend function.","exports.extend = function extend (date) {","  if (!date) return date;","  date.getTimezone = getTimezone;","  date.setTimezone = setTimezone;","  date.getTimezoneAbbr = getTimezoneAbbr;","  return date;","}","","","/**"," * Pads a number with 0s if required."," */","","function pad (num, padLen) {","  var padding = '0000';","  num = String(num);","  return padding.substring(0, padLen - num.length) + num;","}",""],"l":{"5":1,"21":1,"22":1,"23":1,"24":1,"25":1,"26":1,"27":1,"35":1,"41":1,"42":1,"43":1,"51":1,"59":1,"68":1,"69":1,"74":1,"75":1,"76":0,"77":0,"79":1,"80":1,"81":1,"82":1,"83":1,"84":1,"85":1,"88":0,"91":1,"92":1,"93":1,"95":0,"104":1,"105":0,"106":0,"107":0,"108":0,"110":0,"111":0,"112":0,"115":0,"119":1,"120":0,"121":0,"122":0,"123":0,"124":0,"126":0,"140":1,"141":0,"142":0,"144":0,"145":0,"146":0,"147":0,"148":0,"149":0,"150":0,"151":0,"153":0,"155":0,"156":0,"157":0,"159":1,"166":1,"167":0,"168":0,"170":0,"171":0,"173":0,"176":0,"177":0,"178":0,"181":1,"183":1,"184":0,"186":0,"187":0,"189":0,"191":0,"192":0,"195":0,"196":0,"198":0,"199":0,"200":0,"201":0,"202":0,"203":0,"204":0,"206":0,"207":0,"209":0,"211":0,"213":0,"214":0,"228":1,"229":0,"234":0,"235":0,"236":0,"237":0,"238":0,"239":0,"240":0,"241":0,"242":0,"247":0,"249":0,"250":0,"251":0,"255":0,"258":0,"259":0,"260":0,"262":0,"267":0,"268":0,"272":0,"273":0,"276":0,"277":0,"281":0,"282":0,"285":0,"286":0,"289":0,"290":0,"293":0,"294":0,"297":0,"298":0,"301":0,"302":0,"306":0,"307":0,"310":0,"311":0,"315":0,"316":0,"319":0,"320":0,"321":0,"324":0,"325":0,"326":0,"327":0,"328":0,"329":0,"330":0,"333":0,"334":0,"335":0,"336":0,"337":0,"338":0,"339":0,"340":0,"341":0,"342":0,"344":0,"347":0,"348":0,"349":0,"352":0,"353":0,"354":0,"355":0,"356":0,"357":0,"358":0,"359":0,"361":0,"364":0,"365":0,"366":0,"367":0,"368":0,"371":0,"372":0,"373":0,"374":0,"375":0,"376":0,"378":0,"382":0,"383":0,"386":0,"387":0,"390":0,"391":0,"392":0,"393":0,"396":0,"397":0,"398":0,"400":0,"402":0,"404":0,"406":0,"407":0,"410":0,"411":0,"412":0,"414":0,"416":0,"418":0,"420":0,"422":0,"423":0,"426":0,"427":0,"428":0,"429":0,"432":0,"433":0,"434":0,"436":0,"438":0,"440":0,"442":0,"443":0,"446":0,"447":0,"448":0,"450":0,"452":0,"454":0,"455":0,"458":0,"459":0,"460":0,"462":0,"464":0,"466":0,"467":0,"470":0,"471":0,"474":0,"475":0,"477":0,"478":0,"479":0,"483":0,"484":0,"487":0,"488":0,"491":0,"492":0,"495":0,"497":0,"498":0,"499":0,"500":0,"501":0,"502":0,"503":0,"508":1,"509":0,"512":1,"513":0,"514":0,"515":0,"516":0,"517":0,"518":0,"519":0,"521":0,"524":0,"529":1,"530":0,"536":1,"537":0,"538":0,"546":1,"547":0,"548":0,"550":0,"553":0,"554":0,"557":0,"558":0,"559":0,"563":0,"565":0,"567":0,"569":0,"571":0,"573":0,"575":0,"577":0,"579":0,"581":0,"584":0,"586":0,"588":0,"590":1,"591":1,"596":1,"597":0,"599":1,"602":1,"603":1,"604":1,"611":1,"612":0,"613":0,"614":0,"615":0,"616":0,"624":1,"625":0,"626":0,"627":0}}}